Using pre-set license

 COMMAND LINE ARGUMENTS:
/Applications/Unity/Hub/Editor/2020.3.5f1/Unity.app/Contents/MacOS/Unity
-adb2
-batchMode
-noUpm
-name
AssetImportWorker2
-projectPath
/Users/manlai/Documents/classes/cs184/Flock Simulation
-logFile
Logs/AssetImportWorker2.log
-srvPort
56801
Successfully changed project path to: /Users/manlai/Documents/classes/cs184/Flock Simulation
/Users/manlai/Documents/classes/cs184/Flock Simulation
Using Asset Import Pipeline V2.
Refreshing native plugins compatible for Editor in 438.86 ms, found 1 plugins.
Preloading 0 native plugins for Editor in 0.00 ms.
Initialize engine version: 2020.3.5f1 (8095aa901b9b)
[Subsystems] Discovering subsystems at path /Applications/Unity/Hub/Editor/2020.3.5f1/Unity.app/Contents/Resources/UnitySubsystems
[Subsystems] Discovering subsystems at path /Users/manlai/Documents/classes/cs184/Flock Simulation/Assets
GfxDevice: creating device client; threaded=0
2021-04-26 17:49:31.892 Unity[85568:4705630] Color LCD preferred device: Intel(R) Iris(TM) Plus Graphics 640 (low power)
2021-04-26 17:49:31.892 Unity[85568:4705630] Metal devices available: 1
2021-04-26 17:49:31.892 Unity[85568:4705630] 0: Intel(R) Iris(TM) Plus Graphics 640 (low power)
2021-04-26 17:49:31.892 Unity[85568:4705630] Using device Intel(R) Iris(TM) Plus Graphics 640 (low power)
Initializing Metal device caps: Intel(R) Iris(TM) Plus Graphics 640
Initialize mono
Mono path[0] = '/Applications/Unity/Hub/Editor/2020.3.5f1/Unity.app/Contents/Managed'
Mono path[1] = '/Applications/Unity/Hub/Editor/2020.3.5f1/Unity.app/Contents/MonoBleedingEdge/lib/mono/unityjit'
Mono config path = '/Applications/Unity/Hub/Editor/2020.3.5f1/Unity.app/Contents/MonoBleedingEdge/etc'
Using monoOptions --debugger-agent=transport=dt_socket,embedding=1,server=y,suspend=n,address=127.0.0.1:56568
Begin MonoManager ReloadAssembly
Registering precompiled unity dll's ...
Register platform support module: /Applications/Unity/Hub/Editor/2020.3.5f1/Unity.app/Contents/PlaybackEngines/MacStandaloneSupport/UnityEditor.OSXStandalone.Extensions.dll
Registered in 0.001686 seconds.
Native extension for OSXStandalone target not found
Refreshing native plugins compatible for Editor in 26.07 ms, found 1 plugins.
Preloading 0 native plugins for Editor in 0.00 ms.
Mono: successfully reloaded assembly
- Completed reload, in  5.951 seconds
Platform modules already initialized, skipping
Registering precompiled user dll's ...
Registered in 0.001176 seconds.
Begin MonoManager ReloadAssembly
Native extension for OSXStandalone target not found
Refreshing native plugins compatible for Editor in 0.31 ms, found 1 plugins.
Preloading 0 native plugins for Editor in 0.00 ms.
Mono: successfully reloaded assembly
- Completed reload, in  1.279 seconds
Platform modules already initialized, skipping
========================================================================
Worker process is ready to serve import requests
Launching external process: /Applications/Unity/Hub/Editor/2020.3.5f1/Unity.app/Contents/Tools/UnityShaderCompiler
Launched and connected shader compiler UnityShaderCompiler after 0.05 seconds
Refreshing native plugins compatible for Editor in 0.26 ms, found 1 plugins.
Preloading 0 native plugins for Editor in 0.00 ms.
Unloading 1118 Unused Serialized files (Serialized files now loaded: 0)
System memory in use before: 110.8 MB.
System memory in use after: 110.9 MB.

Unloading 10 unused Assets to reduce memory usage. Loaded Objects now: 1560.
Total: 10.437461 ms (FindLiveObjects: 0.457634 ms CreateObjectMapping: 0.067666 ms MarkObjects: 9.468469 ms  DeleteObjects: 0.441161 ms)

========================================================================
Received Import Request.
  path: Assets/Materials/Bounding box material.mat
  artifactKey: Guid(95fa46403a4e0454c9dfed84ca32de71) Importer(815301076,1909f56bfc062723c751e8b465ee728b)
Start importing Assets/Materials/Bounding box material.mat using Guid(95fa46403a4e0454c9dfed84ca32de71) Importer(815301076,1909f56bfc062723c751e8b465ee728b)  -> (artifact id: '2b00243dc7005d7158a0c3748a30bce7') in 2.489973 seconds
  Import took 2.504217 seconds .

========================================================================
Received Import Request.
  Time since last request: 322.815226 seconds.
  path: Assets/Materials/Bounding box material.mat
  artifactKey: Guid(95fa46403a4e0454c9dfed84ca32de71) Importer(815301076,1909f56bfc062723c751e8b465ee728b)
Start importing Assets/Materials/Bounding box material.mat using Guid(95fa46403a4e0454c9dfed84ca32de71) Importer(815301076,1909f56bfc062723c751e8b465ee728b)  -> (artifact id: '8573cd5c57f60a1197f452b86bacb0f0') in 0.296889 seconds
  Import took 0.315943 seconds .

========================================================================
Received Import Request.
  Time since last request: 79.468240 seconds.
  path: Assets/Materials/New Material.mat
  artifactKey: Guid(6b84cb3bc6e7f40c9a80813cf684d76a) Importer(815301076,1909f56bfc062723c751e8b465ee728b)
Start importing Assets/Materials/New Material.mat using Guid(6b84cb3bc6e7f40c9a80813cf684d76a) Importer(815301076,1909f56bfc062723c751e8b465ee728b)  -> (artifact id: '8bcf01bcf00ccbc428818af5393fcd53') in 0.239041 seconds
  Import took 0.248473 seconds .

========================================================================
Received Import Request.
  Time since last request: 93.112838 seconds.
  path: Assets/Materials/Ground.mat
  artifactKey: Guid(6b84cb3bc6e7f40c9a80813cf684d76a) Importer(815301076,1909f56bfc062723c751e8b465ee728b)
Start importing Assets/Materials/Ground.mat using Guid(6b84cb3bc6e7f40c9a80813cf684d76a) Importer(815301076,1909f56bfc062723c751e8b465ee728b)  -> (artifact id: '2b62185fe9708c66d55cf096c19e95bb') in 0.271512 seconds
  Import took 0.299067 seconds .

========================================================================
Received Import Request.
  Time since last request: 0.004468 seconds.
  path: Assets/Materials/Ground.mat
  artifactKey: Guid(6b84cb3bc6e7f40c9a80813cf684d76a) Importer(815301076,1909f56bfc062723c751e8b465ee728b)
Start importing Assets/Materials/Ground.mat using Guid(6b84cb3bc6e7f40c9a80813cf684d76a) Importer(815301076,1909f56bfc062723c751e8b465ee728b)  -> (artifact id: '2b62185fe9708c66d55cf096c19e95bb') in 0.017071 seconds
  Import took 0.020001 seconds .

========================================================================
Received Import Request.
  Time since last request: 954.351490 seconds.
  path: Assets/Materials/Bounding box material.mat
  artifactKey: Guid(95fa46403a4e0454c9dfed84ca32de71) Importer(815301076,1909f56bfc062723c751e8b465ee728b)
Start importing Assets/Materials/Bounding box material.mat using Guid(95fa46403a4e0454c9dfed84ca32de71) Importer(815301076,1909f56bfc062723c751e8b465ee728b)  -> (artifact id: '7d482e499e5d19a720dd7a665a66be50') in 0.061994 seconds
  Import took 0.081717 seconds .

========================================================================
Received Prepare
Registering precompiled user dll's ...
Registered in 0.000753 seconds.
Begin MonoManager ReloadAssembly
Native extension for OSXStandalone target not found
Refreshing native plugins compatible for Editor in 0.24 ms, found 1 plugins.
Preloading 0 native plugins for Editor in 0.00 ms.
Mono: successfully reloaded assembly
- Completed reload, in  1.776 seconds
Platform modules already initialized, skipping
Refreshing native plugins compatible for Editor in 0.23 ms, found 1 plugins.
Preloading 0 native plugins for Editor in 0.00 ms.
Unloading 1113 Unused Serialized files (Serialized files now loaded: 0)
System memory in use before: 119.4 MB.
System memory in use after: 119.5 MB.

Unloading 5 unused Assets to reduce memory usage. Loaded Objects now: 1603.
Total: 16.039222 ms (FindLiveObjects: 0.972689 ms CreateObjectMapping: 0.066812 ms MarkObjects: 14.885112 ms  DeleteObjects: 0.113270 ms)

========================================================================
Received Prepare
Registering precompiled user dll's ...
Registered in 0.000535 seconds.
Begin MonoManager ReloadAssembly
Native extension for OSXStandalone target not found
Refreshing native plugins compatible for Editor in 0.34 ms, found 1 plugins.
Preloading 0 native plugins for Editor in 0.00 ms.
Mono: successfully reloaded assembly
- Completed reload, in  1.381 seconds
Platform modules already initialized, skipping
Refreshing native plugins compatible for Editor in 0.27 ms, found 1 plugins.
Preloading 0 native plugins for Editor in 0.00 ms.
Unloading 1113 Unused Serialized files (Serialized files now loaded: 0)
System memory in use before: 119.7 MB.
System memory in use after: 119.7 MB.

Unloading 5 unused Assets to reduce memory usage. Loaded Objects now: 1606.
Total: 1.703212 ms (FindLiveObjects: 0.165459 ms CreateObjectMapping: 0.036646 ms MarkObjects: 1.438227 ms  DeleteObjects: 0.060945 ms)

========================================================================
Received Prepare
Registering precompiled user dll's ...
Registered in 0.000570 seconds.
Begin MonoManager ReloadAssembly
Native extension for OSXStandalone target not found
Refreshing native plugins compatible for Editor in 0.23 ms, found 1 plugins.
Preloading 0 native plugins for Editor in 0.00 ms.
Mono: successfully reloaded assembly
- Completed reload, in  1.309 seconds
Platform modules already initialized, skipping
Refreshing native plugins compatible for Editor in 0.22 ms, found 1 plugins.
Preloading 0 native plugins for Editor in 0.00 ms.
Unloading 1113 Unused Serialized files (Serialized files now loaded: 0)
System memory in use before: 119.9 MB.
System memory in use after: 119.9 MB.

Unloading 5 unused Assets to reduce memory usage. Loaded Objects now: 1609.
Total: 1.737520 ms (FindLiveObjects: 0.189135 ms CreateObjectMapping: 0.038349 ms MarkObjects: 1.422540 ms  DeleteObjects: 0.086543 ms)

========================================================================
Received Prepare
Registering precompiled user dll's ...
Registered in 0.000516 seconds.
Begin MonoManager ReloadAssembly
Native extension for OSXStandalone target not found
Refreshing native plugins compatible for Editor in 0.31 ms, found 1 plugins.
Preloading 0 native plugins for Editor in 0.00 ms.
Mono: successfully reloaded assembly
- Completed reload, in  1.458 seconds
Platform modules already initialized, skipping
Refreshing native plugins compatible for Editor in 0.23 ms, found 1 plugins.
Preloading 0 native plugins for Editor in 0.00 ms.
Unloading 1113 Unused Serialized files (Serialized files now loaded: 0)
System memory in use before: 120.1 MB.
System memory in use after: 120.2 MB.

Unloading 5 unused Assets to reduce memory usage. Loaded Objects now: 1612.
Total: 2.277652 ms (FindLiveObjects: 0.292948 ms CreateObjectMapping: 0.047862 ms MarkObjects: 1.881954 ms  DeleteObjects: 0.053780 ms)

========================================================================
Received Prepare
Registering precompiled user dll's ...
Registered in 0.000536 seconds.
Begin MonoManager ReloadAssembly
Native extension for OSXStandalone target not found
Refreshing native plugins compatible for Editor in 0.25 ms, found 1 plugins.
Preloading 0 native plugins for Editor in 0.00 ms.
Mono: successfully reloaded assembly
- Completed reload, in  1.192 seconds
Platform modules already initialized, skipping
Refreshing native plugins compatible for Editor in 0.22 ms, found 1 plugins.
Preloading 0 native plugins for Editor in 0.00 ms.
Unloading 1113 Unused Serialized files (Serialized files now loaded: 0)
System memory in use before: 120.3 MB.
System memory in use after: 120.4 MB.

Unloading 5 unused Assets to reduce memory usage. Loaded Objects now: 1615.
Total: 2.142002 ms (FindLiveObjects: 0.279248 ms CreateObjectMapping: 0.061173 ms MarkObjects: 1.746631 ms  DeleteObjects: 0.053552 ms)

========================================================================
Received Prepare
Registering precompiled user dll's ...
Registered in 0.000604 seconds.
Begin MonoManager ReloadAssembly
Native extension for OSXStandalone target not found
Refreshing native plugins compatible for Editor in 0.36 ms, found 1 plugins.
Preloading 0 native plugins for Editor in 0.00 ms.
Mono: successfully reloaded assembly
- Completed reload, in  1.649 seconds
Platform modules already initialized, skipping
Refreshing native plugins compatible for Editor in 0.55 ms, found 1 plugins.
Preloading 0 native plugins for Editor in 0.00 ms.
Unloading 1113 Unused Serialized files (Serialized files now loaded: 0)
System memory in use before: 120.5 MB.
System memory in use after: 120.6 MB.

Unloading 5 unused Assets to reduce memory usage. Loaded Objects now: 1618.
Total: 2.522418 ms (FindLiveObjects: 0.274697 ms CreateObjectMapping: 0.059367 ms MarkObjects: 2.123393 ms  DeleteObjects: 0.063823 ms)

========================================================================
Received Prepare
Registering precompiled user dll's ...
Registered in 0.000607 seconds.
Begin MonoManager ReloadAssembly
Native extension for OSXStandalone target not found
Refreshing native plugins compatible for Editor in 0.23 ms, found 1 plugins.
Preloading 0 native plugins for Editor in 0.00 ms.
Mono: successfully reloaded assembly
- Completed reload, in  1.125 seconds
Platform modules already initialized, skipping
Refreshing native plugins compatible for Editor in 0.21 ms, found 1 plugins.
Preloading 0 native plugins for Editor in 0.00 ms.
Unloading 1113 Unused Serialized files (Serialized files now loaded: 0)
System memory in use before: 120.7 MB.
System memory in use after: 120.7 MB.

Unloading 5 unused Assets to reduce memory usage. Loaded Objects now: 1621.
Total: 2.856034 ms (FindLiveObjects: 0.247401 ms CreateObjectMapping: 0.058315 ms MarkObjects: 2.480989 ms  DeleteObjects: 0.067240 ms)

========================================================================
Received Import Request.
  Time since last request: 277.794566 seconds.
  path: Assets/Prefabs/Boid.prefab
  artifactKey: Guid(d1155a5e6231444a4ae320400ea29d1b) Importer(815301076,1909f56bfc062723c751e8b465ee728b)
Start importing Assets/Prefabs/Boid.prefab using Guid(d1155a5e6231444a4ae320400ea29d1b) Importer(815301076,1909f56bfc062723c751e8b465ee728b)  -> (artifact id: '5c9a73c4efd082ac9790fb9fefe21321') in 0.952032 seconds
  Import took 0.955245 seconds .

========================================================================
Received Prepare
Registering precompiled user dll's ...
Registered in 0.000607 seconds.
Begin MonoManager ReloadAssembly
Native extension for OSXStandalone target not found
Refreshing native plugins compatible for Editor in 0.29 ms, found 1 plugins.
Preloading 0 native plugins for Editor in 0.00 ms.
Mono: successfully reloaded assembly
- Completed reload, in  1.315 seconds
Platform modules already initialized, skipping
Refreshing native plugins compatible for Editor in 0.23 ms, found 1 plugins.
Preloading 0 native plugins for Editor in 0.00 ms.
Unloading 1113 Unused Serialized files (Serialized files now loaded: 0)
System memory in use before: 125.1 MB.
System memory in use after: 125.2 MB.

Unloading 6 unused Assets to reduce memory usage. Loaded Objects now: 1626.
Total: 2.151384 ms (FindLiveObjects: 0.262404 ms CreateObjectMapping: 0.080074 ms MarkObjects: 1.748651 ms  DeleteObjects: 0.058041 ms)

========================================================================
Received Import Request.
  Time since last request: 32.610376 seconds.
  path: Assets/Prefabs/Boid.prefab
  artifactKey: Guid(d1155a5e6231444a4ae320400ea29d1b) Importer(815301076,1909f56bfc062723c751e8b465ee728b)
Start importing Assets/Prefabs/Boid.prefab using Guid(d1155a5e6231444a4ae320400ea29d1b) Importer(815301076,1909f56bfc062723c751e8b465ee728b)  -> (artifact id: '2f5b5bd924d51d2e92b2df7dc201f38f') in 0.075408 seconds
  Import took 0.078019 seconds .

========================================================================
Received Prepare
Registering precompiled user dll's ...
Registered in 0.000626 seconds.
Begin MonoManager ReloadAssembly
Native extension for OSXStandalone target not found
Refreshing native plugins compatible for Editor in 0.38 ms, found 1 plugins.
Preloading 0 native plugins for Editor in 0.00 ms.
Mono: successfully reloaded assembly
- Completed reload, in  1.626 seconds
Platform modules already initialized, skipping
Refreshing native plugins compatible for Editor in 0.24 ms, found 1 plugins.
Preloading 0 native plugins for Editor in 0.00 ms.
Unloading 1113 Unused Serialized files (Serialized files now loaded: 0)
System memory in use before: 125.4 MB.
System memory in use after: 125.5 MB.

Unloading 6 unused Assets to reduce memory usage. Loaded Objects now: 1630.
Total: 1.850129 ms (FindLiveObjects: 0.280301 ms CreateObjectMapping: 0.043912 ms MarkObjects: 1.465392 ms  DeleteObjects: 0.058283 ms)

========================================================================
Received Import Request.
  Time since last request: 6.585811 seconds.
  path: Assets/Prefabs/Boid.prefab
  artifactKey: Guid(d1155a5e6231444a4ae320400ea29d1b) Importer(815301076,1909f56bfc062723c751e8b465ee728b)
Start importing Assets/Prefabs/Boid.prefab using Guid(d1155a5e6231444a4ae320400ea29d1b) Importer(815301076,1909f56bfc062723c751e8b465ee728b)  -> (artifact id: '85ea6748dbd85450ed802eaff78f1f65') in 0.072194 seconds
  Import took 0.075943 seconds .

========================================================================
Received Prepare
Registering precompiled user dll's ...
Registered in 0.002610 seconds.
Begin MonoManager ReloadAssembly
Native extension for OSXStandalone target not found
Refreshing native plugins compatible for Editor in 0.22 ms, found 1 plugins.
Preloading 0 native plugins for Editor in 0.00 ms.
Mono: successfully reloaded assembly
- Completed reload, in  1.293 seconds
Platform modules already initialized, skipping
Refreshing native plugins compatible for Editor in 0.27 ms, found 1 plugins.
Preloading 0 native plugins for Editor in 0.00 ms.
Unloading 1113 Unused Serialized files (Serialized files now loaded: 0)
System memory in use before: 125.7 MB.
System memory in use after: 125.7 MB.

Unloading 6 unused Assets to reduce memory usage. Loaded Objects now: 1634.
Total: 4.129021 ms (FindLiveObjects: 0.449742 ms CreateObjectMapping: 0.079691 ms MarkObjects: 3.485807 ms  DeleteObjects: 0.112462 ms)

========================================================================
Received Import Request.
  Time since last request: 148.583086 seconds.
  path: Assets/Prefabs/Boid.prefab
  artifactKey: Guid(d1155a5e6231444a4ae320400ea29d1b) Importer(815301076,1909f56bfc062723c751e8b465ee728b)
Start importing Assets/Prefabs/Boid.prefab using Guid(d1155a5e6231444a4ae320400ea29d1b) Importer(815301076,1909f56bfc062723c751e8b465ee728b)  -> (artifact id: '9a92ccf9625eecb59428e6ed7813387d') in 0.087257 seconds
  Import took 0.090366 seconds .

========================================================================
Received Import Request.
  Time since last request: 3.120913 seconds.
  path: Assets/Prefabs/Boid.prefab
  artifactKey: Guid(d1155a5e6231444a4ae320400ea29d1b) Importer(815301076,1909f56bfc062723c751e8b465ee728b)
Start importing Assets/Prefabs/Boid.prefab using Guid(d1155a5e6231444a4ae320400ea29d1b) Importer(815301076,1909f56bfc062723c751e8b465ee728b)  -> (artifact id: '9a92ccf9625eecb59428e6ed7813387d') in 0.010126 seconds
  Import took 0.013386 seconds .

========================================================================
Received Prepare
Registering precompiled user dll's ...
Registered in 0.000498 seconds.
Begin MonoManager ReloadAssembly
Native extension for OSXStandalone target not found
Refreshing native plugins compatible for Editor in 0.23 ms, found 1 plugins.
Preloading 0 native plugins for Editor in 0.00 ms.
Mono: successfully reloaded assembly
- Completed reload, in  1.078 seconds
Platform modules already initialized, skipping
Refreshing native plugins compatible for Editor in 0.23 ms, found 1 plugins.
Preloading 0 native plugins for Editor in 0.00 ms.
Unloading 1113 Unused Serialized files (Serialized files now loaded: 0)
System memory in use before: 125.9 MB.
System memory in use after: 126.0 MB.

Unloading 6 unused Assets to reduce memory usage. Loaded Objects now: 1638.
Total: 1.658613 ms (FindLiveObjects: 0.158605 ms CreateObjectMapping: 0.035744 ms MarkObjects: 1.411621 ms  DeleteObjects: 0.050911 ms)

========================================================================
Received Import Request.
  Time since last request: 76.988886 seconds.
  path: Assets/Prefabs/Boid.prefab
  artifactKey: Guid(d1155a5e6231444a4ae320400ea29d1b) Importer(815301076,1909f56bfc062723c751e8b465ee728b)
Start importing Assets/Prefabs/Boid.prefab using Guid(d1155a5e6231444a4ae320400ea29d1b) Importer(815301076,1909f56bfc062723c751e8b465ee728b)  -> (artifact id: 'd212b9b1cb8e351d7247aba2a5a0bbed') in 0.128859 seconds
  Import took 0.132564 seconds .

========================================================================
Received Prepare
Registering precompiled user dll's ...
Registered in 0.000405 seconds.
Begin MonoManager ReloadAssembly
Native extension for OSXStandalone target not found
Refreshing native plugins compatible for Editor in 0.23 ms, found 1 plugins.
Preloading 0 native plugins for Editor in 0.00 ms.
Mono: successfully reloaded assembly
- Completed reload, in  1.093 seconds
Platform modules already initialized, skipping
Refreshing native plugins compatible for Editor in 0.21 ms, found 1 plugins.
Preloading 0 native plugins for Editor in 0.00 ms.
Unloading 1113 Unused Serialized files (Serialized files now loaded: 0)
System memory in use before: 126.2 MB.
System memory in use after: 126.2 MB.

Unloading 6 unused Assets to reduce memory usage. Loaded Objects now: 1642.
Total: 1.876729 ms (FindLiveObjects: 0.199280 ms CreateObjectMapping: 0.037755 ms MarkObjects: 1.584930 ms  DeleteObjects: 0.053809 ms)

========================================================================
Received Prepare
Registering precompiled user dll's ...
Registered in 0.004337 seconds.
Begin MonoManager ReloadAssembly
Native extension for OSXStandalone target not found
Refreshing native plugins compatible for Editor in 0.22 ms, found 1 plugins.
Preloading 0 native plugins for Editor in 0.00 ms.
Mono: successfully reloaded assembly
- Completed reload, in  1.372 seconds
Platform modules already initialized, skipping
Refreshing native plugins compatible for Editor in 0.24 ms, found 1 plugins.
Preloading 0 native plugins for Editor in 0.00 ms.
Unloading 1113 Unused Serialized files (Serialized files now loaded: 0)
System memory in use before: 126.3 MB.
System memory in use after: 126.4 MB.

Unloading 5 unused Assets to reduce memory usage. Loaded Objects now: 1645.
Total: 22.559206 ms (FindLiveObjects: 0.629758 ms CreateObjectMapping: 0.040867 ms MarkObjects: 21.772836 ms  DeleteObjects: 0.114340 ms)

========================================================================
Received Import Request.
  Time since last request: 3200.884638 seconds.
  path: Assets/Scripts/Wall.cs
  artifactKey: Guid(d09790b8879124fb4a3dd508184b5d89) Importer(815301076,1909f56bfc062723c751e8b465ee728b)
Start importing Assets/Scripts/Wall.cs using Guid(d09790b8879124fb4a3dd508184b5d89) Importer(815301076,1909f56bfc062723c751e8b465ee728b)  -> (artifact id: '17a2f0eaab036332e868589147e5c6d3') in 0.972618 seconds
  Import took 1.005218 seconds .

========================================================================
Received Prepare
Registering precompiled user dll's ...
Registered in 0.000497 seconds.
Begin MonoManager ReloadAssembly
Native extension for OSXStandalone target not found
Refreshing native plugins compatible for Editor in 0.24 ms, found 1 plugins.
Preloading 0 native plugins for Editor in 0.00 ms.
Mono: successfully reloaded assembly
- Completed reload, in  1.438 seconds
Platform modules already initialized, skipping
Refreshing native plugins compatible for Editor in 0.21 ms, found 1 plugins.
Preloading 0 native plugins for Editor in 0.00 ms.
Unloading 1114 Unused Serialized files (Serialized files now loaded: 0)
System memory in use before: 130.8 MB.
System memory in use after: 130.8 MB.

Unloading 5 unused Assets to reduce memory usage. Loaded Objects now: 1649.
Total: 2.021133 ms (FindLiveObjects: 0.265568 ms CreateObjectMapping: 0.046418 ms MarkObjects: 1.616855 ms  DeleteObjects: 0.090841 ms)

========================================================================
Received Prepare
Registering precompiled user dll's ...
Registered in 0.000699 seconds.
Begin MonoManager ReloadAssembly
Native extension for OSXStandalone target not found
Refreshing native plugins compatible for Editor in 0.26 ms, found 1 plugins.
Preloading 0 native plugins for Editor in 0.00 ms.
Mono: successfully reloaded assembly
- Completed reload, in  1.698 seconds
Platform modules already initialized, skipping
Refreshing native plugins compatible for Editor in 0.24 ms, found 1 plugins.
Preloading 0 native plugins for Editor in 0.00 ms.
Unloading 1114 Unused Serialized files (Serialized files now loaded: 0)
System memory in use before: 131.0 MB.
System memory in use after: 131.0 MB.

Unloading 5 unused Assets to reduce memory usage. Loaded Objects now: 1652.
Total: 2.799598 ms (FindLiveObjects: 0.365635 ms CreateObjectMapping: 0.052543 ms MarkObjects: 2.274314 ms  DeleteObjects: 0.105170 ms)

========================================================================
Received Import Request.
  Time since last request: 1028.851472 seconds.
  path: ProjectSettings/TagManager.asset
  artifactKey: Guid(00000000000000003000000000000000) Importer(815301076,1909f56bfc062723c751e8b465ee728b)
Start importing ProjectSettings/TagManager.asset using Guid(00000000000000003000000000000000) Importer(815301076,1909f56bfc062723c751e8b465ee728b)  -> (artifact id: '0cf9088148c8a3cbd29f9a356fcbb966') in 0.876430 seconds
  Import took 0.910894 seconds .

========================================================================
Received Prepare
Registering precompiled user dll's ...
Registered in 0.001083 seconds.
Begin MonoManager ReloadAssembly
Native extension for OSXStandalone target not found
Refreshing native plugins compatible for Editor in 0.31 ms, found 1 plugins.
Preloading 0 native plugins for Editor in 0.00 ms.
Mono: successfully reloaded assembly
- Completed reload, in  1.779 seconds
Platform modules already initialized, skipping
Refreshing native plugins compatible for Editor in 0.24 ms, found 1 plugins.
Preloading 0 native plugins for Editor in 0.00 ms.
Unloading 1114 Unused Serialized files (Serialized files now loaded: 0)
System memory in use before: 135.3 MB.
System memory in use after: 135.4 MB.

Unloading 6 unused Assets to reduce memory usage. Loaded Objects now: 1655.
Total: 15.955712 ms (FindLiveObjects: 1.277248 ms CreateObjectMapping: 0.075912 ms MarkObjects: 14.477947 ms  DeleteObjects: 0.123033 ms)

========================================================================
Received Prepare
Registering precompiled user dll's ...
Registered in 0.000561 seconds.
Begin MonoManager ReloadAssembly
Native extension for OSXStandalone target not found
Refreshing native plugins compatible for Editor in 0.35 ms, found 1 plugins.
Preloading 0 native plugins for Editor in 0.00 ms.
Mono: successfully reloaded assembly
- Completed reload, in  1.357 seconds
Platform modules already initialized, skipping
Refreshing native plugins compatible for Editor in 0.34 ms, found 1 plugins.
Preloading 0 native plugins for Editor in 0.00 ms.
Unloading 1114 Unused Serialized files (Serialized files now loaded: 0)
System memory in use before: 135.5 MB.
System memory in use after: 135.6 MB.

Unloading 5 unused Assets to reduce memory usage. Loaded Objects now: 1658.
Total: 2.454088 ms (FindLiveObjects: 0.238367 ms CreateObjectMapping: 0.053121 ms MarkObjects: 2.091112 ms  DeleteObjects: 0.069905 ms)

========================================================================
Received Prepare
Registering precompiled user dll's ...
Registered in 0.000567 seconds.
Begin MonoManager ReloadAssembly
Native extension for OSXStandalone target not found
Refreshing native plugins compatible for Editor in 0.35 ms, found 1 plugins.
Preloading 0 native plugins for Editor in 0.00 ms.
Mono: successfully reloaded assembly
- Completed reload, in  1.467 seconds
Platform modules already initialized, skipping
Refreshing native plugins compatible for Editor in 0.35 ms, found 1 plugins.
Preloading 0 native plugins for Editor in 0.00 ms.
Unloading 1114 Unused Serialized files (Serialized files now loaded: 0)
System memory in use before: 135.7 MB.
System memory in use after: 135.7 MB.

Unloading 5 unused Assets to reduce memory usage. Loaded Objects now: 1661.
Total: 2.066327 ms (FindLiveObjects: 0.330873 ms CreateObjectMapping: 0.052064 ms MarkObjects: 1.591943 ms  DeleteObjects: 0.090009 ms)

========================================================================
Received Prepare
Registering precompiled user dll's ...
Registered in 0.000647 seconds.
Begin MonoManager ReloadAssembly
Native extension for OSXStandalone target not found
Refreshing native plugins compatible for Editor in 0.36 ms, found 1 plugins.
Preloading 0 native plugins for Editor in 0.00 ms.
Mono: successfully reloaded assembly
- Completed reload, in  1.510 seconds
Platform modules already initialized, skipping
Refreshing native plugins compatible for Editor in 0.38 ms, found 1 plugins.
Preloading 0 native plugins for Editor in 0.00 ms.
Unloading 1114 Unused Serialized files (Serialized files now loaded: 0)
System memory in use before: 135.9 MB.
System memory in use after: 135.9 MB.

Unloading 5 unused Assets to reduce memory usage. Loaded Objects now: 1664.
Total: 2.644863 ms (FindLiveObjects: 0.255473 ms CreateObjectMapping: 0.064830 ms MarkObjects: 2.245706 ms  DeleteObjects: 0.077200 ms)

========================================================================
Received Prepare
Registering precompiled user dll's ...
Registered in 0.000693 seconds.
Begin MonoManager ReloadAssembly
Native extension for OSXStandalone target not found
Refreshing native plugins compatible for Editor in 0.23 ms, found 1 plugins.
Preloading 0 native plugins for Editor in 0.00 ms.
Mono: successfully reloaded assembly
- Completed reload, in  1.369 seconds
Platform modules already initialized, skipping
Refreshing native plugins compatible for Editor in 0.23 ms, found 1 plugins.
Preloading 0 native plugins for Editor in 0.00 ms.
Unloading 1114 Unused Serialized files (Serialized files now loaded: 0)
System memory in use before: 136.1 MB.
System memory in use after: 136.1 MB.

Unloading 5 unused Assets to reduce memory usage. Loaded Objects now: 1667.
Total: 2.513455 ms (FindLiveObjects: 0.275451 ms CreateObjectMapping: 0.049473 ms MarkObjects: 2.126408 ms  DeleteObjects: 0.061136 ms)

========================================================================
Received Prepare
Registering precompiled user dll's ...
Registered in 0.000580 seconds.
Begin MonoManager ReloadAssembly
Native extension for OSXStandalone target not found
Refreshing native plugins compatible for Editor in 0.25 ms, found 1 plugins.
Preloading 0 native plugins for Editor in 0.00 ms.
Mono: successfully reloaded assembly
- Completed reload, in  1.331 seconds
Platform modules already initialized, skipping
Refreshing native plugins compatible for Editor in 0.26 ms, found 1 plugins.
Preloading 0 native plugins for Editor in 0.00 ms.
Unloading 1114 Unused Serialized files (Serialized files now loaded: 0)
System memory in use before: 136.2 MB.
System memory in use after: 136.3 MB.

Unloading 5 unused Assets to reduce memory usage. Loaded Objects now: 1670.
Total: 2.495518 ms (FindLiveObjects: 0.245568 ms CreateObjectMapping: 0.056635 ms MarkObjects: 2.131467 ms  DeleteObjects: 0.060686 ms)

========================================================================
Received Prepare
Registering precompiled user dll's ...
Registered in 0.000403 seconds.
Begin MonoManager ReloadAssembly
Native extension for OSXStandalone target not found
Refreshing native plugins compatible for Editor in 0.35 ms, found 1 plugins.
Preloading 0 native plugins for Editor in 0.00 ms.
Mono: successfully reloaded assembly
- Completed reload, in  1.254 seconds
Platform modules already initialized, skipping
Refreshing native plugins compatible for Editor in 0.23 ms, found 1 plugins.
Preloading 0 native plugins for Editor in 0.00 ms.
Unloading 1114 Unused Serialized files (Serialized files now loaded: 0)
System memory in use before: 136.4 MB.
System memory in use after: 136.5 MB.

Unloading 5 unused Assets to reduce memory usage. Loaded Objects now: 1673.
Total: 2.879796 ms (FindLiveObjects: 0.240691 ms CreateObjectMapping: 0.058008 ms MarkObjects: 2.516829 ms  DeleteObjects: 0.063008 ms)

========================================================================
Received Prepare
Registering precompiled user dll's ...
Registered in 0.000729 seconds.
Begin MonoManager ReloadAssembly
Native extension for OSXStandalone target not found
Refreshing native plugins compatible for Editor in 0.32 ms, found 1 plugins.
Preloading 0 native plugins for Editor in 0.00 ms.
Mono: successfully reloaded assembly
- Completed reload, in  1.723 seconds
Platform modules already initialized, skipping
Refreshing native plugins compatible for Editor in 0.21 ms, found 1 plugins.
Preloading 0 native plugins for Editor in 0.00 ms.
Unloading 1114 Unused Serialized files (Serialized files now loaded: 0)
System memory in use before: 136.6 MB.
System memory in use after: 136.6 MB.

Unloading 5 unused Assets to reduce memory usage. Loaded Objects now: 1676.
Total: 2.511593 ms (FindLiveObjects: 0.315862 ms CreateObjectMapping: 0.047378 ms MarkObjects: 2.027436 ms  DeleteObjects: 0.119534 ms)

========================================================================
Received Prepare
Registering precompiled user dll's ...
Registered in 0.001087 seconds.
Begin MonoManager ReloadAssembly
Native extension for OSXStandalone target not found
Refreshing native plugins compatible for Editor in 0.25 ms, found 1 plugins.
Preloading 0 native plugins for Editor in 0.00 ms.
Mono: successfully reloaded assembly
- Completed reload, in  1.752 seconds
Platform modules already initialized, skipping
Refreshing native plugins compatible for Editor in 0.38 ms, found 1 plugins.
Preloading 0 native plugins for Editor in 0.00 ms.
Unloading 1114 Unused Serialized files (Serialized files now loaded: 0)
System memory in use before: 136.8 MB.
System memory in use after: 136.8 MB.

Unloading 5 unused Assets to reduce memory usage. Loaded Objects now: 1679.
Total: 3.146790 ms (FindLiveObjects: 0.296416 ms CreateObjectMapping: 0.074525 ms MarkObjects: 2.704360 ms  DeleteObjects: 0.070101 ms)

========================================================================
Received Prepare
Registering precompiled user dll's ...
Registered in 0.001100 seconds.
Begin MonoManager ReloadAssembly
Native extension for OSXStandalone target not found
Refreshing native plugins compatible for Editor in 0.74 ms, found 1 plugins.
Preloading 0 native plugins for Editor in 0.00 ms.
Mono: successfully reloaded assembly
- Completed reload, in  1.433 seconds
Platform modules already initialized, skipping
Refreshing native plugins compatible for Editor in 0.29 ms, found 1 plugins.
Preloading 0 native plugins for Editor in 0.00 ms.
Unloading 1114 Unused Serialized files (Serialized files now loaded: 0)
System memory in use before: 136.9 MB.
System memory in use after: 137.0 MB.

Unloading 5 unused Assets to reduce memory usage. Loaded Objects now: 1682.
Total: 1.915552 ms (FindLiveObjects: 0.278324 ms CreateObjectMapping: 0.049385 ms MarkObjects: 1.534584 ms  DeleteObjects: 0.051065 ms)

========================================================================
Received Prepare
Registering precompiled user dll's ...
Registered in 0.004046 seconds.
Begin MonoManager ReloadAssembly
Native extension for OSXStandalone target not found
Refreshing native plugins compatible for Editor in 0.28 ms, found 1 plugins.
Preloading 0 native plugins for Editor in 0.00 ms.
Mono: successfully reloaded assembly
- Completed reload, in  1.156 seconds
Platform modules already initialized, skipping
Refreshing native plugins compatible for Editor in 0.24 ms, found 1 plugins.
Preloading 0 native plugins for Editor in 0.00 ms.
Unloading 1114 Unused Serialized files (Serialized files now loaded: 0)
System memory in use before: 137.1 MB.
System memory in use after: 137.2 MB.

Unloading 5 unused Assets to reduce memory usage. Loaded Objects now: 1685.
Total: 2.292493 ms (FindLiveObjects: 0.243197 ms CreateObjectMapping: 0.038019 ms MarkObjects: 1.934698 ms  DeleteObjects: 0.075526 ms)

========================================================================
Received Prepare
Registering precompiled user dll's ...
Registered in 0.000835 seconds.
Begin MonoManager ReloadAssembly
Native extension for OSXStandalone target not found
Refreshing native plugins compatible for Editor in 0.41 ms, found 1 plugins.
Preloading 0 native plugins for Editor in 0.00 ms.
Mono: successfully reloaded assembly
- Completed reload, in  1.581 seconds
Platform modules already initialized, skipping
Refreshing native plugins compatible for Editor in 0.20 ms, found 1 plugins.
Preloading 0 native plugins for Editor in 0.00 ms.
Unloading 1114 Unused Serialized files (Serialized files now loaded: 0)
System memory in use before: 137.3 MB.
System memory in use after: 137.4 MB.

Unloading 5 unused Assets to reduce memory usage. Loaded Objects now: 1688.
Total: 1.855605 ms (FindLiveObjects: 0.238537 ms CreateObjectMapping: 0.038441 ms MarkObjects: 1.489455 ms  DeleteObjects: 0.081393 ms)

========================================================================
Received Prepare
Registering precompiled user dll's ...
Registered in 0.000379 seconds.
Begin MonoManager ReloadAssembly
Native extension for OSXStandalone target not found
Refreshing native plugins compatible for Editor in 0.24 ms, found 1 plugins.
Preloading 0 native plugins for Editor in 0.00 ms.
Mono: successfully reloaded assembly
- Completed reload, in  1.198 seconds
Platform modules already initialized, skipping
Refreshing native plugins compatible for Editor in 0.20 ms, found 1 plugins.
Preloading 0 native plugins for Editor in 0.00 ms.
Unloading 1114 Unused Serialized files (Serialized files now loaded: 0)
System memory in use before: 137.5 MB.
System memory in use after: 137.6 MB.

Unloading 5 unused Assets to reduce memory usage. Loaded Objects now: 1691.
Total: 1.882461 ms (FindLiveObjects: 0.220050 ms CreateObjectMapping: 0.043802 ms MarkObjects: 1.569413 ms  DeleteObjects: 0.048096 ms)

========================================================================
Received Prepare
Registering precompiled user dll's ...
Registered in 0.000627 seconds.
Begin MonoManager ReloadAssembly
Native extension for OSXStandalone target not found
Refreshing native plugins compatible for Editor in 0.40 ms, found 1 plugins.
Preloading 0 native plugins for Editor in 0.00 ms.
Mono: successfully reloaded assembly
- Completed reload, in  1.336 seconds
Platform modules already initialized, skipping
Refreshing native plugins compatible for Editor in 0.23 ms, found 1 plugins.
Preloading 0 native plugins for Editor in 0.00 ms.
Unloading 1114 Unused Serialized files (Serialized files now loaded: 0)
System memory in use before: 137.7 MB.
System memory in use after: 137.8 MB.

Unloading 5 unused Assets to reduce memory usage. Loaded Objects now: 1694.
Total: 2.555963 ms (FindLiveObjects: 0.248172 ms CreateObjectMapping: 0.057710 ms MarkObjects: 2.187390 ms  DeleteObjects: 0.061566 ms)

========================================================================
Received Prepare
Registering precompiled user dll's ...
Registered in 0.000513 seconds.
Begin MonoManager ReloadAssembly
Native extension for OSXStandalone target not found
Refreshing native plugins compatible for Editor in 0.23 ms, found 1 plugins.
Preloading 0 native plugins for Editor in 0.00 ms.
Mono: successfully reloaded assembly
- Completed reload, in  1.142 seconds
Platform modules already initialized, skipping
Refreshing native plugins compatible for Editor in 0.22 ms, found 1 plugins.
Preloading 0 native plugins for Editor in 0.00 ms.
Unloading 1114 Unused Serialized files (Serialized files now loaded: 0)
System memory in use before: 137.9 MB.
System memory in use after: 137.9 MB.

Unloading 5 unused Assets to reduce memory usage. Loaded Objects now: 1697.
Total: 2.104043 ms (FindLiveObjects: 0.245428 ms CreateObjectMapping: 0.054417 ms MarkObjects: 1.751513 ms  DeleteObjects: 0.051548 ms)

========================================================================
Received Prepare
Registering precompiled user dll's ...
Registered in 0.000951 seconds.
Begin MonoManager ReloadAssembly
Native extension for OSXStandalone target not found
Refreshing native plugins compatible for Editor in 0.23 ms, found 1 plugins.
Preloading 0 native plugins for Editor in 0.00 ms.
Mono: successfully reloaded assembly
- Completed reload, in  1.588 seconds
Platform modules already initialized, skipping
Refreshing native plugins compatible for Editor in 0.32 ms, found 1 plugins.
Preloading 0 native plugins for Editor in 0.00 ms.
Unloading 1114 Unused Serialized files (Serialized files now loaded: 0)
System memory in use before: 138.1 MB.
System memory in use after: 138.1 MB.

Unloading 5 unused Assets to reduce memory usage. Loaded Objects now: 1700.
Total: 2.281375 ms (FindLiveObjects: 0.284497 ms CreateObjectMapping: 0.040991 ms MarkObjects: 1.840700 ms  DeleteObjects: 0.114005 ms)

========================================================================
Received Import Request.
  Time since last request: 1856.965948 seconds.
  path: Assets/Prefabs/Boid.prefab
  artifactKey: Guid(d1155a5e6231444a4ae320400ea29d1b) Importer(815301076,1909f56bfc062723c751e8b465ee728b)
Start importing Assets/Prefabs/Boid.prefab using Guid(d1155a5e6231444a4ae320400ea29d1b) Importer(815301076,1909f56bfc062723c751e8b465ee728b)  -> (artifact id: '58b1549e61b3b59cb0ae8621b360eb3d') in 0.144243 seconds
  Import took 0.147761 seconds .

========================================================================
Received Import Request.
  Time since last request: 2.471556 seconds.
  path: Assets/Prefabs/Boid.prefab
  artifactKey: Guid(d1155a5e6231444a4ae320400ea29d1b) Importer(815301076,1909f56bfc062723c751e8b465ee728b)
Start importing Assets/Prefabs/Boid.prefab using Guid(d1155a5e6231444a4ae320400ea29d1b) Importer(815301076,1909f56bfc062723c751e8b465ee728b)  -> (artifact id: '58b1549e61b3b59cb0ae8621b360eb3d') in 0.013321 seconds
  Import took 0.017059 seconds .

========================================================================
Received Prepare
Registering precompiled user dll's ...
Registered in 0.000415 seconds.
Begin MonoManager ReloadAssembly
Native extension for OSXStandalone target not found
Refreshing native plugins compatible for Editor in 0.34 ms, found 1 plugins.
Preloading 0 native plugins for Editor in 0.00 ms.
Mono: successfully reloaded assembly
- Completed reload, in  1.316 seconds
Platform modules already initialized, skipping
Refreshing native plugins compatible for Editor in 0.32 ms, found 1 plugins.
Preloading 0 native plugins for Editor in 0.00 ms.
Unloading 1114 Unused Serialized files (Serialized files now loaded: 0)
System memory in use before: 138.3 MB.
System memory in use after: 138.4 MB.

Unloading 6 unused Assets to reduce memory usage. Loaded Objects now: 1704.
Total: 2.612329 ms (FindLiveObjects: 0.287054 ms CreateObjectMapping: 0.057051 ms MarkObjects: 2.196204 ms  DeleteObjects: 0.070779 ms)

========================================================================
Received Prepare
Registering precompiled user dll's ...
Registered in 0.000637 seconds.
Begin MonoManager ReloadAssembly
Native extension for OSXStandalone target not found
Refreshing native plugins compatible for Editor in 0.36 ms, found 1 plugins.
Preloading 0 native plugins for Editor in 0.00 ms.
Mono: successfully reloaded assembly
- Completed reload, in  1.315 seconds
Platform modules already initialized, skipping
Refreshing native plugins compatible for Editor in 0.33 ms, found 1 plugins.
Preloading 0 native plugins for Editor in 0.00 ms.
Unloading 1114 Unused Serialized files (Serialized files now loaded: 0)
System memory in use before: 138.5 MB.
System memory in use after: 138.5 MB.

Unloading 5 unused Assets to reduce memory usage. Loaded Objects now: 1707.
Total: 1.738261 ms (FindLiveObjects: 0.178737 ms CreateObjectMapping: 0.035086 ms MarkObjects: 1.474743 ms  DeleteObjects: 0.048795 ms)

========================================================================
Received Prepare
Registering precompiled user dll's ...
Registered in 0.001469 seconds.
Begin MonoManager ReloadAssembly
Native extension for OSXStandalone target not found
Refreshing native plugins compatible for Editor in 0.22 ms, found 1 plugins.
Preloading 0 native plugins for Editor in 0.00 ms.
Mono: successfully reloaded assembly
- Completed reload, in  1.196 seconds
Platform modules already initialized, skipping
Refreshing native plugins compatible for Editor in 0.26 ms, found 1 plugins.
Preloading 0 native plugins for Editor in 0.00 ms.
Unloading 1114 Unused Serialized files (Serialized files now loaded: 0)
System memory in use before: 138.7 MB.
System memory in use after: 138.7 MB.

Unloading 5 unused Assets to reduce memory usage. Loaded Objects now: 1710.
Total: 1.786356 ms (FindLiveObjects: 0.204112 ms CreateObjectMapping: 0.039852 ms MarkObjects: 1.490267 ms  DeleteObjects: 0.051115 ms)

========================================================================
Received Prepare
Registering precompiled user dll's ...
Registered in 0.000706 seconds.
Begin MonoManager ReloadAssembly
Native extension for OSXStandalone target not found
Refreshing native plugins compatible for Editor in 0.35 ms, found 1 plugins.
Preloading 0 native plugins for Editor in 0.00 ms.
Mono: successfully reloaded assembly
- Completed reload, in  1.518 seconds
Platform modules already initialized, skipping
Refreshing native plugins compatible for Editor in 0.33 ms, found 1 plugins.
Preloading 0 native plugins for Editor in 0.00 ms.
Unloading 1114 Unused Serialized files (Serialized files now loaded: 0)
System memory in use before: 138.9 MB.
System memory in use after: 138.9 MB.

Unloading 5 unused Assets to reduce memory usage. Loaded Objects now: 1713.
Total: 2.105623 ms (FindLiveObjects: 0.343786 ms CreateObjectMapping: 0.055690 ms MarkObjects: 1.604951 ms  DeleteObjects: 0.099812 ms)

========================================================================
Received Prepare
Registering precompiled user dll's ...
Registered in 0.000596 seconds.
Begin MonoManager ReloadAssembly
Native extension for OSXStandalone target not found
Refreshing native plugins compatible for Editor in 0.35 ms, found 1 plugins.
Preloading 0 native plugins for Editor in 0.00 ms.
Mono: successfully reloaded assembly
- Completed reload, in  1.330 seconds
Platform modules already initialized, skipping
Refreshing native plugins compatible for Editor in 0.21 ms, found 1 plugins.
Preloading 0 native plugins for Editor in 0.00 ms.
Unloading 1114 Unused Serialized files (Serialized files now loaded: 0)
System memory in use before: 139.1 MB.
System memory in use after: 139.1 MB.

Unloading 5 unused Assets to reduce memory usage. Loaded Objects now: 1716.
Total: 2.427495 ms (FindLiveObjects: 0.227331 ms CreateObjectMapping: 0.039308 ms MarkObjects: 2.109024 ms  DeleteObjects: 0.050434 ms)

========================================================================
Received Prepare
Registering precompiled user dll's ...
Registered in 0.000632 seconds.
Begin MonoManager ReloadAssembly
Native extension for OSXStandalone target not found
Refreshing native plugins compatible for Editor in 0.23 ms, found 1 plugins.
Preloading 0 native plugins for Editor in 0.00 ms.
Mono: successfully reloaded assembly
- Completed reload, in  1.354 seconds
Platform modules already initialized, skipping
Refreshing native plugins compatible for Editor in 0.23 ms, found 1 plugins.
Preloading 0 native plugins for Editor in 0.00 ms.
Unloading 1114 Unused Serialized files (Serialized files now loaded: 0)
System memory in use before: 139.3 MB.
System memory in use after: 139.3 MB.

Unloading 5 unused Assets to reduce memory usage. Loaded Objects now: 1719.
Total: 1.967139 ms (FindLiveObjects: 0.211405 ms CreateObjectMapping: 0.039002 ms MarkObjects: 1.653135 ms  DeleteObjects: 0.062323 ms)

========================================================================
Received Prepare
Registering precompiled user dll's ...
Registered in 0.000551 seconds.
Begin MonoManager ReloadAssembly
Native extension for OSXStandalone target not found
Refreshing native plugins compatible for Editor in 0.24 ms, found 1 plugins.
Preloading 0 native plugins for Editor in 0.00 ms.
Mono: successfully reloaded assembly
- Completed reload, in  1.555 seconds
Platform modules already initialized, skipping
Refreshing native plugins compatible for Editor in 0.25 ms, found 1 plugins.
Preloading 0 native plugins for Editor in 0.00 ms.
Unloading 1114 Unused Serialized files (Serialized files now loaded: 0)
System memory in use before: 139.4 MB.
System memory in use after: 139.5 MB.

Unloading 5 unused Assets to reduce memory usage. Loaded Objects now: 1722.
Total: 2.314570 ms (FindLiveObjects: 0.266949 ms CreateObjectMapping: 0.039153 ms MarkObjects: 1.927387 ms  DeleteObjects: 0.080084 ms)

========================================================================
Received Prepare
Registering precompiled user dll's ...
Registered in 0.000379 seconds.
Begin MonoManager ReloadAssembly
Native extension for OSXStandalone target not found
Refreshing native plugins compatible for Editor in 0.35 ms, found 1 plugins.
Preloading 0 native plugins for Editor in 0.00 ms.
Mono: successfully reloaded assembly
- Completed reload, in  1.431 seconds
Platform modules already initialized, skipping
Refreshing native plugins compatible for Editor in 0.35 ms, found 1 plugins.
Preloading 0 native plugins for Editor in 0.00 ms.
Unloading 1114 Unused Serialized files (Serialized files now loaded: 0)
System memory in use before: 139.6 MB.
System memory in use after: 139.7 MB.

Unloading 5 unused Assets to reduce memory usage. Loaded Objects now: 1725.
Total: 2.174608 ms (FindLiveObjects: 0.299439 ms CreateObjectMapping: 0.053829 ms MarkObjects: 1.760632 ms  DeleteObjects: 0.059208 ms)

========================================================================
Received Prepare
Registering precompiled user dll's ...
Registered in 0.000805 seconds.
Begin MonoManager ReloadAssembly
Native extension for OSXStandalone target not found
Refreshing native plugins compatible for Editor in 0.34 ms, found 1 plugins.
Preloading 0 native plugins for Editor in 0.00 ms.
Mono: successfully reloaded assembly
- Completed reload, in  1.291 seconds
Platform modules already initialized, skipping
Refreshing native plugins compatible for Editor in 0.21 ms, found 1 plugins.
Preloading 0 native plugins for Editor in 0.00 ms.
Unloading 1114 Unused Serialized files (Serialized files now loaded: 0)
System memory in use before: 139.8 MB.
System memory in use after: 139.9 MB.

Unloading 5 unused Assets to reduce memory usage. Loaded Objects now: 1728.
Total: 2.269940 ms (FindLiveObjects: 0.250244 ms CreateObjectMapping: 0.051579 ms MarkObjects: 1.893794 ms  DeleteObjects: 0.061580 ms)

========================================================================
Received Prepare
Registering precompiled user dll's ...
Registered in 0.000477 seconds.
Begin MonoManager ReloadAssembly
Native extension for OSXStandalone target not found
Refreshing native plugins compatible for Editor in 0.35 ms, found 1 plugins.
Preloading 0 native plugins for Editor in 0.00 ms.
Mono: successfully reloaded assembly
- Completed reload, in  1.693 seconds
Platform modules already initialized, skipping
Refreshing native plugins compatible for Editor in 0.24 ms, found 1 plugins.
Preloading 0 native plugins for Editor in 0.00 ms.
Unloading 1114 Unused Serialized files (Serialized files now loaded: 0)
System memory in use before: 140.0 MB.
System memory in use after: 140.0 MB.

Unloading 5 unused Assets to reduce memory usage. Loaded Objects now: 1731.
Total: 2.785882 ms (FindLiveObjects: 0.253868 ms CreateObjectMapping: 0.060827 ms MarkObjects: 2.404740 ms  DeleteObjects: 0.064678 ms)

========================================================================
Received Prepare
Registering precompiled user dll's ...
Registered in 0.000629 seconds.
Begin MonoManager ReloadAssembly
Native extension for OSXStandalone target not found
Refreshing native plugins compatible for Editor in 0.23 ms, found 1 plugins.
Preloading 0 native plugins for Editor in 0.00 ms.
Mono: successfully reloaded assembly
- Completed reload, in  1.406 seconds
Platform modules already initialized, skipping
Refreshing native plugins compatible for Editor in 0.35 ms, found 1 plugins.
Preloading 0 native plugins for Editor in 0.00 ms.
Unloading 1114 Unused Serialized files (Serialized files now loaded: 0)
System memory in use before: 140.2 MB.
System memory in use after: 140.2 MB.

Unloading 5 unused Assets to reduce memory usage. Loaded Objects now: 1734.
Total: 2.140630 ms (FindLiveObjects: 0.216057 ms CreateObjectMapping: 0.037057 ms MarkObjects: 1.834582 ms  DeleteObjects: 0.051745 ms)

========================================================================
Received Prepare
Registering precompiled user dll's ...
Registered in 0.001193 seconds.
Begin MonoManager ReloadAssembly
Native extension for OSXStandalone target not found
Refreshing native plugins compatible for Editor in 0.36 ms, found 1 plugins.
Preloading 0 native plugins for Editor in 0.00 ms.
Mono: successfully reloaded assembly
- Completed reload, in  1.300 seconds
Platform modules already initialized, skipping
Refreshing native plugins compatible for Editor in 1.32 ms, found 1 plugins.
Preloading 0 native plugins for Editor in 0.00 ms.
Unloading 1114 Unused Serialized files (Serialized files now loaded: 0)
System memory in use before: 140.4 MB.
System memory in use after: 140.4 MB.

Unloading 5 unused Assets to reduce memory usage. Loaded Objects now: 1737.
Total: 1.998550 ms (FindLiveObjects: 0.276477 ms CreateObjectMapping: 0.065625 ms MarkObjects: 1.586321 ms  DeleteObjects: 0.069018 ms)

========================================================================
Received Prepare
Registering precompiled user dll's ...
Registered in 0.000942 seconds.
Begin MonoManager ReloadAssembly
Native extension for OSXStandalone target not found
Refreshing native plugins compatible for Editor in 0.23 ms, found 1 plugins.
Preloading 0 native plugins for Editor in 0.00 ms.
Mono: successfully reloaded assembly
- Completed reload, in  1.428 seconds
Platform modules already initialized, skipping
Refreshing native plugins compatible for Editor in 0.33 ms, found 1 plugins.
Preloading 0 native plugins for Editor in 0.00 ms.
Unloading 1114 Unused Serialized files (Serialized files now loaded: 0)
System memory in use before: 140.6 MB.
System memory in use after: 140.6 MB.

Unloading 5 unused Assets to reduce memory usage. Loaded Objects now: 1740.
Total: 2.572699 ms (FindLiveObjects: 0.285861 ms CreateObjectMapping: 0.065944 ms MarkObjects: 2.156865 ms  DeleteObjects: 0.062774 ms)

========================================================================
Received Prepare
Registering precompiled user dll's ...
Registered in 0.001263 seconds.
Begin MonoManager ReloadAssembly
Native extension for OSXStandalone target not found
Refreshing native plugins compatible for Editor in 0.23 ms, found 1 plugins.
Preloading 0 native plugins for Editor in 0.00 ms.
Mono: successfully reloaded assembly
- Completed reload, in  1.200 seconds
Platform modules already initialized, skipping
Refreshing native plugins compatible for Editor in 0.24 ms, found 1 plugins.
Preloading 0 native plugins for Editor in 0.00 ms.
Unloading 1114 Unused Serialized files (Serialized files now loaded: 0)
System memory in use before: 140.8 MB.
System memory in use after: 140.8 MB.

Unloading 5 unused Assets to reduce memory usage. Loaded Objects now: 1743.
Total: 1.901748 ms (FindLiveObjects: 0.263337 ms CreateObjectMapping: 0.070411 ms MarkObjects: 1.515904 ms  DeleteObjects: 0.050807 ms)

========================================================================
Received Prepare
Registering precompiled user dll's ...
Registered in 0.000693 seconds.
Begin MonoManager ReloadAssembly
Native extension for OSXStandalone target not found
Refreshing native plugins compatible for Editor in 0.38 ms, found 1 plugins.
Preloading 0 native plugins for Editor in 0.00 ms.
Mono: successfully reloaded assembly
- Completed reload, in  1.992 seconds
Platform modules already initialized, skipping
Refreshing native plugins compatible for Editor in 0.70 ms, found 1 plugins.
Preloading 0 native plugins for Editor in 0.00 ms.
Unloading 1114 Unused Serialized files (Serialized files now loaded: 0)
System memory in use before: 140.9 MB.
System memory in use after: 141.0 MB.

Unloading 5 unused Assets to reduce memory usage. Loaded Objects now: 1746.
Total: 2.732764 ms (FindLiveObjects: 0.418278 ms CreateObjectMapping: 0.064666 ms MarkObjects: 2.170547 ms  DeleteObjects: 0.077299 ms)

========================================================================
Received Prepare
Registering precompiled user dll's ...
Registered in 0.000667 seconds.
Begin MonoManager ReloadAssembly
Native extension for OSXStandalone target not found
Refreshing native plugins compatible for Editor in 0.25 ms, found 1 plugins.
Preloading 0 native plugins for Editor in 0.00 ms.
Mono: successfully reloaded assembly
- Completed reload, in  1.599 seconds
Platform modules already initialized, skipping
Refreshing native plugins compatible for Editor in 0.23 ms, found 1 plugins.
Preloading 0 native plugins for Editor in 0.00 ms.
Unloading 1114 Unused Serialized files (Serialized files now loaded: 0)
System memory in use before: 141.1 MB.
System memory in use after: 141.2 MB.

Unloading 5 unused Assets to reduce memory usage. Loaded Objects now: 1749.
Total: 2.504538 ms (FindLiveObjects: 0.292239 ms CreateObjectMapping: 0.042009 ms MarkObjects: 1.981853 ms  DeleteObjects: 0.186768 ms)

========================================================================
Received Prepare
Registering precompiled user dll's ...
Registered in 0.001317 seconds.
Begin MonoManager ReloadAssembly
Native extension for OSXStandalone target not found
Refreshing native plugins compatible for Editor in 0.23 ms, found 1 plugins.
Preloading 0 native plugins for Editor in 0.00 ms.
Mono: successfully reloaded assembly
- Completed reload, in  1.535 seconds
Platform modules already initialized, skipping
Refreshing native plugins compatible for Editor in 0.23 ms, found 1 plugins.
Preloading 0 native plugins for Editor in 0.00 ms.
Unloading 1114 Unused Serialized files (Serialized files now loaded: 0)
System memory in use before: 141.3 MB.
System memory in use after: 141.4 MB.

Unloading 5 unused Assets to reduce memory usage. Loaded Objects now: 1752.
Total: 2.139724 ms (FindLiveObjects: 0.258891 ms CreateObjectMapping: 0.059604 ms MarkObjects: 1.767131 ms  DeleteObjects: 0.052592 ms)

========================================================================
Received Prepare
Registering precompiled user dll's ...
Registered in 0.000717 seconds.
Begin MonoManager ReloadAssembly
Native extension for OSXStandalone target not found
Refreshing native plugins compatible for Editor in 0.34 ms, found 1 plugins.
Preloading 0 native plugins for Editor in 0.00 ms.
Mono: successfully reloaded assembly
- Completed reload, in  1.412 seconds
Platform modules already initialized, skipping
Refreshing native plugins compatible for Editor in 0.23 ms, found 1 plugins.
Preloading 0 native plugins for Editor in 0.00 ms.
Unloading 1114 Unused Serialized files (Serialized files now loaded: 0)
System memory in use before: 141.5 MB.
System memory in use after: 141.5 MB.

Unloading 5 unused Assets to reduce memory usage. Loaded Objects now: 1755.
Total: 2.961883 ms (FindLiveObjects: 0.252423 ms CreateObjectMapping: 0.059752 ms MarkObjects: 2.571393 ms  DeleteObjects: 0.076719 ms)

========================================================================
Received Prepare
Registering precompiled user dll's ...
Registered in 0.000588 seconds.
Begin MonoManager ReloadAssembly
Native extension for OSXStandalone target not found
Refreshing native plugins compatible for Editor in 0.35 ms, found 1 plugins.
Preloading 0 native plugins for Editor in 0.00 ms.
Mono: successfully reloaded assembly
- Completed reload, in  1.525 seconds
Platform modules already initialized, skipping
Refreshing native plugins compatible for Editor in 0.23 ms, found 1 plugins.
Preloading 0 native plugins for Editor in 0.00 ms.
Unloading 1114 Unused Serialized files (Serialized files now loaded: 0)
System memory in use before: 141.7 MB.
System memory in use after: 141.7 MB.

Unloading 5 unused Assets to reduce memory usage. Loaded Objects now: 1758.
Total: 2.865059 ms (FindLiveObjects: 0.380795 ms CreateObjectMapping: 0.059311 ms MarkObjects: 2.285616 ms  DeleteObjects: 0.137891 ms)

========================================================================
Received Prepare
Registering precompiled user dll's ...
Registered in 0.006890 seconds.
Begin MonoManager ReloadAssembly
Native extension for OSXStandalone target not found
Refreshing native plugins compatible for Editor in 0.23 ms, found 1 plugins.
Preloading 0 native plugins for Editor in 0.00 ms.
Mono: successfully reloaded assembly
- Completed reload, in  1.255 seconds
Platform modules already initialized, skipping
Refreshing native plugins compatible for Editor in 0.33 ms, found 1 plugins.
Preloading 0 native plugins for Editor in 0.00 ms.
Unloading 1114 Unused Serialized files (Serialized files now loaded: 0)
System memory in use before: 141.9 MB.
System memory in use after: 141.9 MB.

Unloading 5 unused Assets to reduce memory usage. Loaded Objects now: 1761.
Total: 2.055424 ms (FindLiveObjects: 0.320663 ms CreateObjectMapping: 0.059045 ms MarkObjects: 1.614670 ms  DeleteObjects: 0.060072 ms)

========================================================================
Received Prepare
Registering precompiled user dll's ...
Registered in 0.005367 seconds.
Begin MonoManager ReloadAssembly
Native extension for OSXStandalone target not found
Refreshing native plugins compatible for Editor in 0.25 ms, found 1 plugins.
Preloading 0 native plugins for Editor in 0.00 ms.
Mono: successfully reloaded assembly
- Completed reload, in  1.405 seconds
Platform modules already initialized, skipping
Refreshing native plugins compatible for Editor in 0.21 ms, found 1 plugins.
Preloading 0 native plugins for Editor in 0.00 ms.
Unloading 1114 Unused Serialized files (Serialized files now loaded: 0)
System memory in use before: 142.1 MB.
System memory in use after: 142.1 MB.

Unloading 5 unused Assets to reduce memory usage. Loaded Objects now: 1764.
Total: 2.123517 ms (FindLiveObjects: 0.241838 ms CreateObjectMapping: 0.043911 ms MarkObjects: 1.787533 ms  DeleteObjects: 0.049279 ms)

========================================================================
Received Prepare
Registering precompiled user dll's ...
Registered in 0.000914 seconds.
Begin MonoManager ReloadAssembly
Native extension for OSXStandalone target not found
Refreshing native plugins compatible for Editor in 0.23 ms, found 1 plugins.
Preloading 0 native plugins for Editor in 0.00 ms.
Mono: successfully reloaded assembly
- Completed reload, in  1.497 seconds
Platform modules already initialized, skipping
Refreshing native plugins compatible for Editor in 0.22 ms, found 1 plugins.
Preloading 0 native plugins for Editor in 0.00 ms.
Unloading 1114 Unused Serialized files (Serialized files now loaded: 0)
System memory in use before: 142.3 MB.
System memory in use after: 142.3 MB.

Unloading 5 unused Assets to reduce memory usage. Loaded Objects now: 1767.
Total: 4.825373 ms (FindLiveObjects: 1.061068 ms CreateObjectMapping: 0.048673 ms MarkObjects: 3.613554 ms  DeleteObjects: 0.100997 ms)

========================================================================
Received Prepare
Registering precompiled user dll's ...
Registered in 0.001817 seconds.
Begin MonoManager ReloadAssembly
Native extension for OSXStandalone target not found
Refreshing native plugins compatible for Editor in 0.27 ms, found 1 plugins.
Preloading 0 native plugins for Editor in 0.00 ms.
Mono: successfully reloaded assembly
- Completed reload, in  1.518 seconds
Platform modules already initialized, skipping
Refreshing native plugins compatible for Editor in 0.21 ms, found 1 plugins.
Preloading 0 native plugins for Editor in 0.00 ms.
Unloading 1114 Unused Serialized files (Serialized files now loaded: 0)
System memory in use before: 142.4 MB.
System memory in use after: 142.5 MB.

Unloading 5 unused Assets to reduce memory usage. Loaded Objects now: 1770.
Total: 2.014760 ms (FindLiveObjects: 0.270082 ms CreateObjectMapping: 0.039263 ms MarkObjects: 1.630392 ms  DeleteObjects: 0.074008 ms)

========================================================================
Received Prepare
Registering precompiled user dll's ...
Registered in 0.001633 seconds.
Begin MonoManager ReloadAssembly
Native extension for OSXStandalone target not found
Refreshing native plugins compatible for Editor in 0.24 ms, found 1 plugins.
Preloading 0 native plugins for Editor in 0.00 ms.
Mono: successfully reloaded assembly
- Completed reload, in  1.087 seconds
Platform modules already initialized, skipping
Refreshing native plugins compatible for Editor in 0.23 ms, found 1 plugins.
Preloading 0 native plugins for Editor in 0.00 ms.
Unloading 1114 Unused Serialized files (Serialized files now loaded: 0)
System memory in use before: 142.6 MB.
System memory in use after: 142.7 MB.

Unloading 5 unused Assets to reduce memory usage. Loaded Objects now: 1773.
Total: 1.856498 ms (FindLiveObjects: 0.187370 ms CreateObjectMapping: 0.039755 ms MarkObjects: 1.574368 ms  DeleteObjects: 0.053819 ms)

========================================================================
Received Prepare
Registering precompiled user dll's ...
Registered in 0.000909 seconds.
Begin MonoManager ReloadAssembly
Native extension for OSXStandalone target not found
Refreshing native plugins compatible for Editor in 0.24 ms, found 1 plugins.
Preloading 0 native plugins for Editor in 0.00 ms.
Mono: successfully reloaded assembly
- Completed reload, in  1.098 seconds
Platform modules already initialized, skipping
Refreshing native plugins compatible for Editor in 0.25 ms, found 1 plugins.
Preloading 0 native plugins for Editor in 0.00 ms.
Unloading 1114 Unused Serialized files (Serialized files now loaded: 0)
System memory in use before: 142.8 MB.
System memory in use after: 142.9 MB.

Unloading 5 unused Assets to reduce memory usage. Loaded Objects now: 1776.
Total: 2.710265 ms (FindLiveObjects: 0.365735 ms CreateObjectMapping: 0.059376 ms MarkObjects: 2.189779 ms  DeleteObjects: 0.094196 ms)

========================================================================
Received Prepare
Registering precompiled user dll's ...
Registered in 0.000389 seconds.
Begin MonoManager ReloadAssembly
Native extension for OSXStandalone target not found
Refreshing native plugins compatible for Editor in 0.24 ms, found 1 plugins.
Preloading 0 native plugins for Editor in 0.00 ms.
Mono: successfully reloaded assembly
- Completed reload, in  1.014 seconds
Platform modules already initialized, skipping
Refreshing native plugins compatible for Editor in 0.24 ms, found 1 plugins.
Preloading 0 native plugins for Editor in 0.00 ms.
Unloading 1114 Unused Serialized files (Serialized files now loaded: 0)
System memory in use before: 143.0 MB.
System memory in use after: 143.1 MB.

Unloading 5 unused Assets to reduce memory usage. Loaded Objects now: 1779.
Total: 1.997260 ms (FindLiveObjects: 0.192080 ms CreateObjectMapping: 0.040379 ms MarkObjects: 1.699327 ms  DeleteObjects: 0.063598 ms)

========================================================================
Received Prepare
Registering precompiled user dll's ...
Registered in 0.000602 seconds.
Begin MonoManager ReloadAssembly
Native extension for OSXStandalone target not found
Refreshing native plugins compatible for Editor in 0.23 ms, found 1 plugins.
Preloading 0 native plugins for Editor in 0.00 ms.
Mono: successfully reloaded assembly
- Completed reload, in  1.433 seconds
Platform modules already initialized, skipping
Refreshing native plugins compatible for Editor in 0.20 ms, found 1 plugins.
Preloading 0 native plugins for Editor in 0.00 ms.
Unloading 1114 Unused Serialized files (Serialized files now loaded: 0)
System memory in use before: 143.2 MB.
System memory in use after: 143.2 MB.

Unloading 5 unused Assets to reduce memory usage. Loaded Objects now: 1782.
Total: 2.319799 ms (FindLiveObjects: 0.374072 ms CreateObjectMapping: 0.099911 ms MarkObjects: 1.759176 ms  DeleteObjects: 0.084715 ms)

========================================================================
Received Prepare
Registering precompiled user dll's ...
Registered in 0.002115 seconds.
Begin MonoManager ReloadAssembly
Native extension for OSXStandalone target not found
Refreshing native plugins compatible for Editor in 0.23 ms, found 1 plugins.
Preloading 0 native plugins for Editor in 0.00 ms.
Mono: successfully reloaded assembly
- Completed reload, in  1.263 seconds
Platform modules already initialized, skipping
Refreshing native plugins compatible for Editor in 0.20 ms, found 1 plugins.
Preloading 0 native plugins for Editor in 0.00 ms.
Unloading 1114 Unused Serialized files (Serialized files now loaded: 0)
System memory in use before: 143.3 MB.
System memory in use after: 143.4 MB.

Unloading 5 unused Assets to reduce memory usage. Loaded Objects now: 1785.
Total: 2.351417 ms (FindLiveObjects: 0.399663 ms CreateObjectMapping: 0.073982 ms MarkObjects: 1.820206 ms  DeleteObjects: 0.056540 ms)

========================================================================
Received Import Request.
  Time since last request: 3441.316924 seconds.
  path: Assets/Prefabs/Boid.prefab
  artifactKey: Guid(d1155a5e6231444a4ae320400ea29d1b) Importer(815301076,1909f56bfc062723c751e8b465ee728b)
Start importing Assets/Prefabs/Boid.prefab using Guid(d1155a5e6231444a4ae320400ea29d1b) Importer(815301076,1909f56bfc062723c751e8b465ee728b)  -> (artifact id: 'f333fe039b33296eb7c9f097a8375367') in 0.154969 seconds
  Import took 0.161142 seconds .

========================================================================
Received Prepare
Registering precompiled user dll's ...
Registered in 0.000671 seconds.
Begin MonoManager ReloadAssembly
Native extension for OSXStandalone target not found
Refreshing native plugins compatible for Editor in 0.23 ms, found 1 plugins.
Preloading 0 native plugins for Editor in 0.00 ms.
Mono: successfully reloaded assembly
- Completed reload, in  1.028 seconds
Platform modules already initialized, skipping
Refreshing native plugins compatible for Editor in 0.32 ms, found 1 plugins.
Preloading 0 native plugins for Editor in 0.00 ms.
Unloading 1114 Unused Serialized files (Serialized files now loaded: 0)
System memory in use before: 143.6 MB.
System memory in use after: 143.7 MB.

Unloading 6 unused Assets to reduce memory usage. Loaded Objects now: 1789.
Total: 3.427282 ms (FindLiveObjects: 0.262908 ms CreateObjectMapping: 0.080545 ms MarkObjects: 2.973113 ms  DeleteObjects: 0.109200 ms)

========================================================================
Received Prepare
Registering precompiled user dll's ...
Registered in 0.000698 seconds.
Begin MonoManager ReloadAssembly
Native extension for OSXStandalone target not found
Refreshing native plugins compatible for Editor in 0.22 ms, found 1 plugins.
Preloading 0 native plugins for Editor in 0.00 ms.
Mono: successfully reloaded assembly
- Completed reload, in  1.386 seconds
Platform modules already initialized, skipping
Refreshing native plugins compatible for Editor in 0.23 ms, found 1 plugins.
Preloading 0 native plugins for Editor in 0.00 ms.
Unloading 1114 Unused Serialized files (Serialized files now loaded: 0)
System memory in use before: 143.8 MB.
System memory in use after: 143.8 MB.

Unloading 5 unused Assets to reduce memory usage. Loaded Objects now: 1792.
Total: 1.778224 ms (FindLiveObjects: 0.195294 ms CreateObjectMapping: 0.037335 ms MarkObjects: 1.495135 ms  DeleteObjects: 0.049306 ms)

========================================================================
Received Prepare
Registering precompiled user dll's ...
Registered in 0.002390 seconds.
Begin MonoManager ReloadAssembly
Native extension for OSXStandalone target not found
Refreshing native plugins compatible for Editor in 0.35 ms, found 1 plugins.
Preloading 0 native plugins for Editor in 0.00 ms.
Mono: successfully reloaded assembly
- Completed reload, in  1.283 seconds
Platform modules already initialized, skipping
Refreshing native plugins compatible for Editor in 0.23 ms, found 1 plugins.
Preloading 0 native plugins for Editor in 0.00 ms.
Unloading 1114 Unused Serialized files (Serialized files now loaded: 0)
System memory in use before: 144.0 MB.
System memory in use after: 144.0 MB.

Unloading 5 unused Assets to reduce memory usage. Loaded Objects now: 1795.
Total: 2.137563 ms (FindLiveObjects: 0.199005 ms CreateObjectMapping: 0.038077 ms MarkObjects: 1.833482 ms  DeleteObjects: 0.065589 ms)

========================================================================
Received Prepare
Registering precompiled user dll's ...
Registered in 0.001005 seconds.
Begin MonoManager ReloadAssembly
Native extension for OSXStandalone target not found
Refreshing native plugins compatible for Editor in 0.23 ms, found 1 plugins.
Preloading 0 native plugins for Editor in 0.00 ms.
Mono: successfully reloaded assembly
- Completed reload, in  1.243 seconds
Platform modules already initialized, skipping
Refreshing native plugins compatible for Editor in 0.34 ms, found 1 plugins.
Preloading 0 native plugins for Editor in 0.00 ms.
Unloading 1114 Unused Serialized files (Serialized files now loaded: 0)
System memory in use before: 144.2 MB.
System memory in use after: 144.2 MB.

Unloading 5 unused Assets to reduce memory usage. Loaded Objects now: 1798.
Total: 2.640521 ms (FindLiveObjects: 0.286032 ms CreateObjectMapping: 0.074512 ms MarkObjects: 2.209769 ms  DeleteObjects: 0.068402 ms)

========================================================================
Received Prepare
Registering precompiled user dll's ...
Registered in 0.000591 seconds.
Begin MonoManager ReloadAssembly
Native extension for OSXStandalone target not found
Refreshing native plugins compatible for Editor in 0.23 ms, found 1 plugins.
Preloading 0 native plugins for Editor in 0.00 ms.
Mono: successfully reloaded assembly
- Completed reload, in  1.344 seconds
Platform modules already initialized, skipping
Refreshing native plugins compatible for Editor in 0.23 ms, found 1 plugins.
Preloading 0 native plugins for Editor in 0.00 ms.
Unloading 1114 Unused Serialized files (Serialized files now loaded: 0)
System memory in use before: 144.3 MB.
System memory in use after: 144.4 MB.

Unloading 5 unused Assets to reduce memory usage. Loaded Objects now: 1801.
Total: 2.525997 ms (FindLiveObjects: 0.247437 ms CreateObjectMapping: 0.048918 ms MarkObjects: 2.172211 ms  DeleteObjects: 0.056320 ms)

========================================================================
Received Prepare
Registering precompiled user dll's ...
Registered in 0.000601 seconds.
Begin MonoManager ReloadAssembly
Native extension for OSXStandalone target not found
Refreshing native plugins compatible for Editor in 0.25 ms, found 1 plugins.
Preloading 0 native plugins for Editor in 0.00 ms.
Mono: successfully reloaded assembly
- Completed reload, in  1.524 seconds
Platform modules already initialized, skipping
Refreshing native plugins compatible for Editor in 0.38 ms, found 1 plugins.
Preloading 0 native plugins for Editor in 0.00 ms.
Unloading 1114 Unused Serialized files (Serialized files now loaded: 0)
System memory in use before: 144.5 MB.
System memory in use after: 144.6 MB.

Unloading 5 unused Assets to reduce memory usage. Loaded Objects now: 1804.
Total: 2.955356 ms (FindLiveObjects: 0.176190 ms CreateObjectMapping: 0.037830 ms MarkObjects: 1.942469 ms  DeleteObjects: 0.797184 ms)

========================================================================
Received Prepare
Registering precompiled user dll's ...
Registered in 0.000798 seconds.
Begin MonoManager ReloadAssembly
Native extension for OSXStandalone target not found
Refreshing native plugins compatible for Editor in 0.23 ms, found 1 plugins.
Preloading 0 native plugins for Editor in 0.00 ms.
Mono: successfully reloaded assembly
- Completed reload, in  1.100 seconds
Platform modules already initialized, skipping
Refreshing native plugins compatible for Editor in 0.20 ms, found 1 plugins.
Preloading 0 native plugins for Editor in 0.00 ms.
Unloading 1114 Unused Serialized files (Serialized files now loaded: 0)
System memory in use before: 144.7 MB.
System memory in use after: 144.8 MB.

Unloading 5 unused Assets to reduce memory usage. Loaded Objects now: 1807.
Total: 2.091146 ms (FindLiveObjects: 0.258776 ms CreateObjectMapping: 0.059998 ms MarkObjects: 1.722936 ms  DeleteObjects: 0.048036 ms)

========================================================================
Received Prepare
Registering precompiled user dll's ...
Registered in 0.001320 seconds.
Begin MonoManager ReloadAssembly
Native extension for OSXStandalone target not found
Refreshing native plugins compatible for Editor in 0.23 ms, found 1 plugins.
Preloading 0 native plugins for Editor in 0.00 ms.
Mono: successfully reloaded assembly
- Completed reload, in  1.337 seconds
Platform modules already initialized, skipping
Refreshing native plugins compatible for Editor in 0.20 ms, found 1 plugins.
Preloading 0 native plugins for Editor in 0.00 ms.
Unloading 1114 Unused Serialized files (Serialized files now loaded: 0)
System memory in use before: 145.0 MB.
System memory in use after: 145.0 MB.

Unloading 5 unused Assets to reduce memory usage. Loaded Objects now: 1810.
Total: 1.969640 ms (FindLiveObjects: 0.247041 ms CreateObjectMapping: 0.038098 ms MarkObjects: 1.632301 ms  DeleteObjects: 0.051231 ms)

========================================================================
Received Prepare
Registering precompiled user dll's ...
Registered in 0.000546 seconds.
Begin MonoManager ReloadAssembly
Native extension for OSXStandalone target not found
Refreshing native plugins compatible for Editor in 0.35 ms, found 1 plugins.
Preloading 0 native plugins for Editor in 0.00 ms.
Mono: successfully reloaded assembly
- Completed reload, in  1.330 seconds
Platform modules already initialized, skipping
Refreshing native plugins compatible for Editor in 0.21 ms, found 1 plugins.
Preloading 0 native plugins for Editor in 0.00 ms.
Unloading 1114 Unused Serialized files (Serialized files now loaded: 0)
System memory in use before: 145.2 MB.
System memory in use after: 145.2 MB.

Unloading 5 unused Assets to reduce memory usage. Loaded Objects now: 1813.
Total: 1.780886 ms (FindLiveObjects: 0.187175 ms CreateObjectMapping: 0.039003 ms MarkObjects: 1.508110 ms  DeleteObjects: 0.045584 ms)

========================================================================
Received Prepare
Registering precompiled user dll's ...
Registered in 0.000633 seconds.
Begin MonoManager ReloadAssembly
Native extension for OSXStandalone target not found
Refreshing native plugins compatible for Editor in 0.23 ms, found 1 plugins.
Preloading 0 native plugins for Editor in 0.00 ms.
Mono: successfully reloaded assembly
- Completed reload, in  1.443 seconds
Platform modules already initialized, skipping
Refreshing native plugins compatible for Editor in 0.32 ms, found 1 plugins.
Preloading 0 native plugins for Editor in 0.00 ms.
Unloading 1114 Unused Serialized files (Serialized files now loaded: 0)
System memory in use before: 145.4 MB.
System memory in use after: 145.4 MB.

Unloading 5 unused Assets to reduce memory usage. Loaded Objects now: 1816.
Total: 2.766315 ms (FindLiveObjects: 0.394609 ms CreateObjectMapping: 0.059804 ms MarkObjects: 2.220105 ms  DeleteObjects: 0.090519 ms)

========================================================================
Received Prepare
Registering precompiled user dll's ...
Registered in 0.011066 seconds.
Begin MonoManager ReloadAssembly
Native extension for OSXStandalone target not found
Refreshing native plugins compatible for Editor in 0.38 ms, found 1 plugins.
Preloading 0 native plugins for Editor in 0.00 ms.
Mono: successfully reloaded assembly
- Completed reload, in  1.182 seconds
Platform modules already initialized, skipping
Refreshing native plugins compatible for Editor in 0.24 ms, found 1 plugins.
Preloading 0 native plugins for Editor in 0.00 ms.
Unloading 1114 Unused Serialized files (Serialized files now loaded: 0)
System memory in use before: 145.5 MB.
System memory in use after: 145.6 MB.

Unloading 5 unused Assets to reduce memory usage. Loaded Objects now: 1819.
Total: 2.225745 ms (FindLiveObjects: 0.243792 ms CreateObjectMapping: 0.057806 ms MarkObjects: 1.838569 ms  DeleteObjects: 0.084360 ms)

========================================================================
Received Prepare
Registering precompiled user dll's ...
Registered in 0.000416 seconds.
Begin MonoManager ReloadAssembly
Native extension for OSXStandalone target not found
Refreshing native plugins compatible for Editor in 0.23 ms, found 1 plugins.
Preloading 0 native plugins for Editor in 0.00 ms.
Mono: successfully reloaded assembly
- Completed reload, in  1.354 seconds
Platform modules already initialized, skipping
Refreshing native plugins compatible for Editor in 0.23 ms, found 1 plugins.
Preloading 0 native plugins for Editor in 0.00 ms.
Unloading 1114 Unused Serialized files (Serialized files now loaded: 0)
System memory in use before: 145.7 MB.
System memory in use after: 145.8 MB.

Unloading 5 unused Assets to reduce memory usage. Loaded Objects now: 1822.
Total: 2.700667 ms (FindLiveObjects: 0.311078 ms CreateObjectMapping: 0.062143 ms MarkObjects: 2.259886 ms  DeleteObjects: 0.066198 ms)

========================================================================
Received Prepare
Registering precompiled user dll's ...
Registered in 0.002964 seconds.
Begin MonoManager ReloadAssembly
Native extension for OSXStandalone target not found
Refreshing native plugins compatible for Editor in 3.50 ms, found 1 plugins.
Preloading 0 native plugins for Editor in 0.00 ms.
Mono: successfully reloaded assembly
- Completed reload, in  1.746 seconds
Platform modules already initialized, skipping
Refreshing native plugins compatible for Editor in 0.24 ms, found 1 plugins.
Preloading 0 native plugins for Editor in 0.00 ms.
Unloading 1114 Unused Serialized files (Serialized files now loaded: 0)
System memory in use before: 145.9 MB.
System memory in use after: 146.0 MB.

Unloading 5 unused Assets to reduce memory usage. Loaded Objects now: 1825.
Total: 2.755611 ms (FindLiveObjects: 0.410436 ms CreateObjectMapping: 0.073928 ms MarkObjects: 2.187119 ms  DeleteObjects: 0.082590 ms)

========================================================================
Received Prepare
Registering precompiled user dll's ...
Registered in 0.001325 seconds.
Begin MonoManager ReloadAssembly
Native extension for OSXStandalone target not found
Refreshing native plugins compatible for Editor in 0.42 ms, found 1 plugins.
Preloading 0 native plugins for Editor in 0.00 ms.
Mono: successfully reloaded assembly
- Completed reload, in  1.782 seconds
Platform modules already initialized, skipping
Refreshing native plugins compatible for Editor in 0.58 ms, found 1 plugins.
Preloading 0 native plugins for Editor in 0.00 ms.
Unloading 1114 Unused Serialized files (Serialized files now loaded: 0)
System memory in use before: 146.2 MB.
System memory in use after: 146.2 MB.

Unloading 5 unused Assets to reduce memory usage. Loaded Objects now: 1828.
Total: 18.118767 ms (FindLiveObjects: 0.987897 ms CreateObjectMapping: 0.055983 ms MarkObjects: 16.914105 ms  DeleteObjects: 0.159272 ms)

========================================================================
Received Prepare
Registering precompiled user dll's ...
Registered in 0.001431 seconds.
Begin MonoManager ReloadAssembly
Native extension for OSXStandalone target not found
Refreshing native plugins compatible for Editor in 0.23 ms, found 1 plugins.
Preloading 0 native plugins for Editor in 0.00 ms.
Mono: successfully reloaded assembly
- Completed reload, in  1.325 seconds
Platform modules already initialized, skipping
Refreshing native plugins compatible for Editor in 0.23 ms, found 1 plugins.
Preloading 0 native plugins for Editor in 0.00 ms.
Unloading 1114 Unused Serialized files (Serialized files now loaded: 0)
System memory in use before: 146.4 MB.
System memory in use after: 146.4 MB.

Unloading 5 unused Assets to reduce memory usage. Loaded Objects now: 1831.
Total: 3.005554 ms (FindLiveObjects: 0.404016 ms CreateObjectMapping: 0.063249 ms MarkObjects: 2.432040 ms  DeleteObjects: 0.104803 ms)

========================================================================
Received Prepare
Registering precompiled user dll's ...
Registered in 0.000820 seconds.
Begin MonoManager ReloadAssembly
Native extension for OSXStandalone target not found
Refreshing native plugins compatible for Editor in 0.35 ms, found 1 plugins.
Preloading 0 native plugins for Editor in 0.00 ms.
Mono: successfully reloaded assembly
- Completed reload, in  1.651 seconds
Platform modules already initialized, skipping
Refreshing native plugins compatible for Editor in 0.21 ms, found 1 plugins.
Preloading 0 native plugins for Editor in 0.00 ms.
Unloading 1114 Unused Serialized files (Serialized files now loaded: 0)
System memory in use before: 146.5 MB.
System memory in use after: 146.6 MB.

Unloading 5 unused Assets to reduce memory usage. Loaded Objects now: 1834.
Total: 2.355029 ms (FindLiveObjects: 0.317864 ms CreateObjectMapping: 0.043756 ms MarkObjects: 1.891227 ms  DeleteObjects: 0.100919 ms)

========================================================================
Received Prepare
Registering precompiled user dll's ...
Registered in 0.001416 seconds.
Begin MonoManager ReloadAssembly
Native extension for OSXStandalone target not found
Refreshing native plugins compatible for Editor in 0.23 ms, found 1 plugins.
Preloading 0 native plugins for Editor in 0.00 ms.
Mono: successfully reloaded assembly
- Completed reload, in  1.241 seconds
Platform modules already initialized, skipping
Refreshing native plugins compatible for Editor in 0.21 ms, found 1 plugins.
Preloading 0 native plugins for Editor in 0.00 ms.
Unloading 1114 Unused Serialized files (Serialized files now loaded: 0)
System memory in use before: 146.7 MB.
System memory in use after: 146.8 MB.

Unloading 5 unused Assets to reduce memory usage. Loaded Objects now: 1837.
Total: 1.986333 ms (FindLiveObjects: 0.303375 ms CreateObjectMapping: 0.042936 ms MarkObjects: 1.552774 ms  DeleteObjects: 0.086207 ms)

========================================================================
Received Prepare
Registering precompiled user dll's ...
Registered in 0.002937 seconds.
Begin MonoManager ReloadAssembly
Native extension for OSXStandalone target not found
Refreshing native plugins compatible for Editor in 0.25 ms, found 1 plugins.
Preloading 0 native plugins for Editor in 0.00 ms.
Mono: successfully reloaded assembly
- Completed reload, in  1.646 seconds
Platform modules already initialized, skipping
Refreshing native plugins compatible for Editor in 0.32 ms, found 1 plugins.
Preloading 0 native plugins for Editor in 0.00 ms.
Unloading 1114 Unused Serialized files (Serialized files now loaded: 0)
System memory in use before: 146.9 MB.
System memory in use after: 147.0 MB.

Unloading 5 unused Assets to reduce memory usage. Loaded Objects now: 1840.
Total: 3.567458 ms (FindLiveObjects: 0.336859 ms CreateObjectMapping: 0.043731 ms MarkObjects: 2.956227 ms  DeleteObjects: 0.228244 ms)

