Using pre-set license
Built from '2020.3/staging' branch; Version is '2020.3.5f1 (8095aa901b9b) revision 8426922'; Using compiler version '192528614'; Build Type 'Release'
OS: 'Windows 10 Education; OS build 18363.1500; Version 1909; 64bit' Language: 'en' Physical Memory: 16333 MB
BatchMode: 1, IsHumanControllingUs: 0, StartBugReporterOnCrash: 0, Is64bit: 1, IsPro: 0

 COMMAND LINE ARGUMENTS:
F:\UnityEditor\2020.3.5f1\Editor\Unity.exe
-adb2
-batchMode
-noUpm
-name
AssetImportWorker0
-projectPath
F:/Project/CS184Project/flock-simulation
-logFile
Logs/AssetImportWorker0.log
-srvPort
64985
Successfully changed project path to: F:/Project/CS184Project/flock-simulation
F:/Project/CS184Project/flock-simulation
Using Asset Import Pipeline V2.
Refreshing native plugins compatible for Editor in 71.22 ms, found 0 plugins.
Preloading 0 native plugins for Editor in 0.00 ms.
Initialize engine version: 2020.3.5f1 (8095aa901b9b)
[Subsystems] Discovering subsystems at path F:/UnityEditor/2020.3.5f1/Editor/Data/Resources/UnitySubsystems
[Subsystems] Discovering subsystems at path F:/Project/CS184Project/flock-simulation/Assets
GfxDevice: creating device client; threaded=0
Direct3D:
    Version:  Direct3D 11.0 [level 11.1]
    Renderer: Radeon (TM) RX 470 Graphics (ID=0x67df)
    Vendor:   
    VRAM:     4075 MB
    Driver:   27.20.12029.1000
Initialize mono
Mono path[0] = 'F:/UnityEditor/2020.3.5f1/Editor/Data/Managed'
Mono path[1] = 'F:/UnityEditor/2020.3.5f1/Editor/Data/MonoBleedingEdge/lib/mono/unityjit'
Mono config path = 'F:/UnityEditor/2020.3.5f1/Editor/Data/MonoBleedingEdge/etc'
Using monoOptions --debugger-agent=transport=dt_socket,embedding=1,server=y,suspend=n,address=127.0.0.1:56716
Begin MonoManager ReloadAssembly
Registering precompiled unity dll's ...
Register platform support module: F:/UnityEditor/2020.3.5f1/Editor/Data/PlaybackEngines/WebGLSupport/UnityEditor.WebGL.Extensions.dll
Register platform support module: F:/UnityEditor/2020.3.5f1/Editor/Data/PlaybackEngines/WindowsStandaloneSupport/UnityEditor.WindowsStandalone.Extensions.dll
Register platform support module: F:/UnityEditor/2020.3.5f1/Editor/Data/PlaybackEngines/LinuxStandaloneSupport/UnityEditor.LinuxStandalone.Extensions.dll
Registered in 0.365050 seconds.
Native extension for LinuxStandalone target not found
Native extension for WindowsStandalone target not found
Native extension for WebGL target not found
Refreshing native plugins compatible for Editor in 65.08 ms, found 0 plugins.
Preloading 0 native plugins for Editor in 0.00 ms.
Mono: successfully reloaded assembly
- Completed reload, in  6.629 seconds
Platform modules already initialized, skipping
Registering precompiled user dll's ...
Registered in 0.086268 seconds.
Begin MonoManager ReloadAssembly
Native extension for LinuxStandalone target not found
Native extension for WindowsStandalone target not found
Native extension for WebGL target not found
Refreshing native plugins compatible for Editor in 54.53 ms, found 0 plugins.
Preloading 0 native plugins for Editor in 0.00 ms.
Mono: successfully reloaded assembly
- Completed reload, in  2.725 seconds
Platform modules already initialized, skipping
========================================================================
Worker process is ready to serve import requests
Launched and connected shader compiler UnityShaderCompiler.exe after 0.16 seconds
Refreshing native plugins compatible for Editor in 0.51 ms, found 0 plugins.
Preloading 0 native plugins for Editor in 0.00 ms.
Unloading 1361 Unused Serialized files (Serialized files now loaded: 0)
System memory in use before: 89.4 MB.
System memory in use after: 89.1 MB.

Unloading 11 unused Assets to reduce memory usage. Loaded Objects now: 1837.
Total: 6.644100 ms (FindLiveObjects: 0.333600 ms CreateObjectMapping: 0.131500 ms MarkObjects: 5.640200 ms  DeleteObjects: 0.537200 ms)

========================================================================
Received Import Request.
  path: Assets/Materials/Bubble.mat
  artifactKey: Guid(a4058c27cb841f1448a34b8d19f6697b) Importer(815301076,1909f56bfc062723c751e8b465ee728b)
Start importing Assets/Materials/Bubble.mat using Guid(a4058c27cb841f1448a34b8d19f6697b) Importer(815301076,1909f56bfc062723c751e8b465ee728b)  -> (artifact id: '3cdfefd6512b7f08e01c1a080b0da403') in 0.244964 seconds
  Import took 0.247910 seconds .

========================================================================
Received Prepare
Registering precompiled user dll's ...
Registered in 0.000858 seconds.
Begin MonoManager ReloadAssembly
Native extension for LinuxStandalone target not found
Native extension for WindowsStandalone target not found
Native extension for WebGL target not found
Refreshing native plugins compatible for Editor in 0.36 ms, found 0 plugins.
Preloading 0 native plugins for Editor in 0.00 ms.
Mono: successfully reloaded assembly
- Completed reload, in  1.169 seconds
Platform modules already initialized, skipping
Refreshing native plugins compatible for Editor in 0.51 ms, found 0 plugins.
Preloading 0 native plugins for Editor in 0.00 ms.
Unloading 1333 Unused Serialized files (Serialized files now loaded: 0)
System memory in use before: 90.3 MB.
System memory in use after: 90.0 MB.

Unloading 6 unused Assets to reduce memory usage. Loaded Objects now: 1881.
Total: 2.649100 ms (FindLiveObjects: 0.167800 ms CreateObjectMapping: 0.048300 ms MarkObjects: 1.904800 ms  DeleteObjects: 0.526900 ms)

========================================================================
Received Prepare
Registering precompiled user dll's ...
Registered in 0.000799 seconds.
Begin MonoManager ReloadAssembly
Native extension for LinuxStandalone target not found
Native extension for WindowsStandalone target not found
Native extension for WebGL target not found
Refreshing native plugins compatible for Editor in 0.38 ms, found 0 plugins.
Preloading 0 native plugins for Editor in 0.00 ms.
Mono: successfully reloaded assembly
- Completed reload, in  1.117 seconds
Platform modules already initialized, skipping
Refreshing native plugins compatible for Editor in 0.39 ms, found 0 plugins.
Preloading 0 native plugins for Editor in 0.00 ms.
Unloading 1333 Unused Serialized files (Serialized files now loaded: 0)
System memory in use before: 90.3 MB.
System memory in use after: 90.1 MB.

Unloading 6 unused Assets to reduce memory usage. Loaded Objects now: 1884.
Total: 2.503800 ms (FindLiveObjects: 0.186500 ms CreateObjectMapping: 0.053700 ms MarkObjects: 1.779200 ms  DeleteObjects: 0.481700 ms)

========================================================================
Received Prepare
Registering precompiled user dll's ...
Registered in 0.000794 seconds.
Begin MonoManager ReloadAssembly
Native extension for LinuxStandalone target not found
Native extension for WindowsStandalone target not found
Native extension for WebGL target not found
Refreshing native plugins compatible for Editor in 0.36 ms, found 0 plugins.
Preloading 0 native plugins for Editor in 0.00 ms.
Mono: successfully reloaded assembly
- Completed reload, in  1.134 seconds
Platform modules already initialized, skipping
Refreshing native plugins compatible for Editor in 0.36 ms, found 0 plugins.
Preloading 0 native plugins for Editor in 0.00 ms.
Unloading 1333 Unused Serialized files (Serialized files now loaded: 0)
System memory in use before: 90.3 MB.
System memory in use after: 90.1 MB.

Unloading 6 unused Assets to reduce memory usage. Loaded Objects now: 1887.
Total: 2.208700 ms (FindLiveObjects: 0.252700 ms CreateObjectMapping: 0.050900 ms MarkObjects: 1.468300 ms  DeleteObjects: 0.435000 ms)

========================================================================
Received Prepare
Registering precompiled user dll's ...
Registered in 0.000954 seconds.
Begin MonoManager ReloadAssembly
Native extension for LinuxStandalone target not found
Native extension for WindowsStandalone target not found
Native extension for WebGL target not found
Refreshing native plugins compatible for Editor in 0.36 ms, found 0 plugins.
Preloading 0 native plugins for Editor in 0.00 ms.
Mono: successfully reloaded assembly
- Completed reload, in  0.875 seconds
Platform modules already initialized, skipping
Refreshing native plugins compatible for Editor in 0.33 ms, found 0 plugins.
Preloading 0 native plugins for Editor in 0.00 ms.
Unloading 1333 Unused Serialized files (Serialized files now loaded: 0)
System memory in use before: 90.3 MB.
System memory in use after: 90.1 MB.

Unloading 6 unused Assets to reduce memory usage. Loaded Objects now: 1890.
Total: 2.109400 ms (FindLiveObjects: 0.156800 ms CreateObjectMapping: 0.049300 ms MarkObjects: 1.470200 ms  DeleteObjects: 0.432000 ms)

========================================================================
Received Prepare
Registering precompiled user dll's ...
Registered in 0.000906 seconds.
Begin MonoManager ReloadAssembly
Native extension for LinuxStandalone target not found
Native extension for WindowsStandalone target not found
Native extension for WebGL target not found
Refreshing native plugins compatible for Editor in 0.37 ms, found 0 plugins.
Preloading 0 native plugins for Editor in 0.00 ms.
Mono: successfully reloaded assembly
- Completed reload, in  1.032 seconds
Platform modules already initialized, skipping
Refreshing native plugins compatible for Editor in 0.36 ms, found 0 plugins.
Preloading 0 native plugins for Editor in 0.00 ms.
Unloading 1333 Unused Serialized files (Serialized files now loaded: 0)
System memory in use before: 90.4 MB.
System memory in use after: 90.1 MB.

Unloading 6 unused Assets to reduce memory usage. Loaded Objects now: 1893.
Total: 5.380600 ms (FindLiveObjects: 0.260600 ms CreateObjectMapping: 0.059300 ms MarkObjects: 4.528600 ms  DeleteObjects: 0.530600 ms)

========================================================================
Received Import Request.
  Time since last request: 751.782407 seconds.
  path: Assets/AssetStore/Jiggly Bubble Free/Scenes/bubble cubemap.unity
  artifactKey: Guid(3d9c6c54da3c45e4bb2390c8a6373522) Importer(815301076,1909f56bfc062723c751e8b465ee728b)
Start importing Assets/AssetStore/Jiggly Bubble Free/Scenes/bubble cubemap.unity using Guid(3d9c6c54da3c45e4bb2390c8a6373522) Importer(815301076,1909f56bfc062723c751e8b465ee728b)  -> (artifact id: '7d8cae0332c062b18b6d04b98f234f55') in 0.021170 seconds
  Import took 0.024506 seconds .

========================================================================
Received Import Request.
  Time since last request: 17.759706 seconds.
  path: Assets/AssetStore/Jiggly Bubble Free/Textures/cubemap test.png
  artifactKey: Guid(221c9f1896905ca4d80d981b14b8e2a7) Importer(815301076,1909f56bfc062723c751e8b465ee728b)
Start importing Assets/AssetStore/Jiggly Bubble Free/Textures/cubemap test.png using Guid(221c9f1896905ca4d80d981b14b8e2a7) Importer(815301076,1909f56bfc062723c751e8b465ee728b)  -> (artifact id: '95b18330b7b78b53519205b160382fbe') in 0.164379 seconds
  Import took 0.167776 seconds .

========================================================================
Received Import Request.
  Time since last request: 0.004059 seconds.
  path: Assets/AssetStore/Jiggly Bubble Free/Textures/cubemap test.png
  artifactKey: Guid(221c9f1896905ca4d80d981b14b8e2a7) Importer(815301076,1909f56bfc062723c751e8b465ee728b)
Start importing Assets/AssetStore/Jiggly Bubble Free/Textures/cubemap test.png using Guid(221c9f1896905ca4d80d981b14b8e2a7) Importer(815301076,1909f56bfc062723c751e8b465ee728b)  -> (artifact id: '95b18330b7b78b53519205b160382fbe') in 0.019026 seconds
  Import took 0.022094 seconds .

========================================================================
Received Import Request.
  Time since last request: 1.295285 seconds.
  path: Assets/AssetStore/Jiggly Bubble Free
  artifactKey: Guid(9ae3e9c7c672f134eaf70a42acf6c6af) Importer(815301076,1909f56bfc062723c751e8b465ee728b)
Start importing Assets/AssetStore/Jiggly Bubble Free using Guid(9ae3e9c7c672f134eaf70a42acf6c6af) Importer(815301076,1909f56bfc062723c751e8b465ee728b)  -> (artifact id: 'a23ddb43c1aee09b19e0e956694b6851') in 0.007274 seconds
  Import took 0.017561 seconds .

========================================================================
Received Import Request.
  Time since last request: 12.618815 seconds.
  path: Assets/Assets.index
  artifactKey: Guid(02153a7a17940ee4db79db88b913cbdf) Importer(815301076,1909f56bfc062723c751e8b465ee728b)
Start importing Assets/Assets.index using Guid(02153a7a17940ee4db79db88b913cbdf) Importer(815301076,1909f56bfc062723c751e8b465ee728b)  -> (artifact id: 'ee11dac13487a8e56340ecdaa87e563d') in 0.068384 seconds
  Import took 0.071523 seconds .

========================================================================
Received Prepare
Registering precompiled user dll's ...
Registered in 0.000808 seconds.
Begin MonoManager ReloadAssembly
Native extension for LinuxStandalone target not found
Native extension for WindowsStandalone target not found
Native extension for WebGL target not found
Refreshing native plugins compatible for Editor in 0.47 ms, found 0 plugins.
Preloading 0 native plugins for Editor in 0.00 ms.
Mono: successfully reloaded assembly
- Completed reload, in  0.889 seconds
Platform modules already initialized, skipping
Refreshing native plugins compatible for Editor in 0.38 ms, found 0 plugins.
Preloading 0 native plugins for Editor in 0.00 ms.
Unloading 1341 Unused Serialized files (Serialized files now loaded: 0)
System memory in use before: 90.7 MB.
System memory in use after: 90.5 MB.

Unloading 6 unused Assets to reduce memory usage. Loaded Objects now: 1907.
Total: 2.411400 ms (FindLiveObjects: 0.172400 ms CreateObjectMapping: 0.048000 ms MarkObjects: 1.732300 ms  DeleteObjects: 0.457700 ms)

========================================================================
Received Import Request.
  Time since last request: 689.944556 seconds.
  path: Assets/Scenes/WithGroundCaustic.unity
  artifactKey: Guid(a6ddcf208ac8a20469eaaf2665c37f46) Importer(815301076,1909f56bfc062723c751e8b465ee728b)
Start importing Assets/Scenes/WithGroundCaustic.unity using Guid(a6ddcf208ac8a20469eaaf2665c37f46) Importer(815301076,1909f56bfc062723c751e8b465ee728b)  -> (artifact id: '8423718f2a75e1a1306344e4456e3987') in 0.022854 seconds
  Import took 0.027165 seconds .

========================================================================
Received Prepare
Registering precompiled user dll's ...
Registered in 0.012793 seconds.
Begin MonoManager ReloadAssembly
Native extension for OSXStandalone target not found
Refreshing native plugins compatible for Editor in 0.76 ms, found 1 plugins.
Preloading 0 native plugins for Editor in 0.00 ms.
Mono: successfully reloaded assembly
- Completed reload, in  4.079 seconds
Platform modules already initialized, skipping
Refreshing native plugins compatible for Editor in 0.31 ms, found 1 plugins.
Preloading 0 native plugins for Editor in 0.00 ms.
Unloading 1112 Unused Serialized files (Serialized files now loaded: 0)
System memory in use before: 143.3 MB.
System memory in use after: 143.4 MB.

Unloading 5 unused Assets to reduce memory usage. Loaded Objects now: 1875.
Total: 88.045040 ms (FindLiveObjects: 80.841684 ms CreateObjectMapping: 0.109190 ms MarkObjects: 6.966499 ms  DeleteObjects: 0.125814 ms)

========================================================================
Received Prepare
Registering precompiled user dll's ...
Registered in 0.000940 seconds.
Begin MonoManager ReloadAssembly
Native extension for OSXStandalone target not found
Refreshing native plugins compatible for Editor in 0.24 ms, found 1 plugins.
Preloading 0 native plugins for Editor in 0.00 ms.
Mono: successfully reloaded assembly
- Completed reload, in  1.490 seconds
Platform modules already initialized, skipping
Refreshing native plugins compatible for Editor in 0.34 ms, found 1 plugins.
Preloading 0 native plugins for Editor in 0.00 ms.
Unloading 1112 Unused Serialized files (Serialized files now loaded: 0)
System memory in use before: 143.5 MB.
System memory in use after: 143.5 MB.

Unloading 5 unused Assets to reduce memory usage. Loaded Objects now: 1878.
Total: 2.279407 ms (FindLiveObjects: 0.306781 ms CreateObjectMapping: 0.046249 ms MarkObjects: 1.762269 ms  DeleteObjects: 0.162611 ms)

========================================================================
Received Prepare
Registering precompiled user dll's ...
Registered in 0.000670 seconds.
Begin MonoManager ReloadAssembly
Native extension for OSXStandalone target not found
Refreshing native plugins compatible for Editor in 0.24 ms, found 1 plugins.
Preloading 0 native plugins for Editor in 0.00 ms.
Mono: successfully reloaded assembly
- Completed reload, in  1.338 seconds
Platform modules already initialized, skipping
Refreshing native plugins compatible for Editor in 0.24 ms, found 1 plugins.
Preloading 0 native plugins for Editor in 0.00 ms.
Unloading 1112 Unused Serialized files (Serialized files now loaded: 0)
System memory in use before: 143.7 MB.
System memory in use after: 143.7 MB.

Unloading 5 unused Assets to reduce memory usage. Loaded Objects now: 1881.
Total: 2.663325 ms (FindLiveObjects: 0.316782 ms CreateObjectMapping: 0.065132 ms MarkObjects: 2.212649 ms  DeleteObjects: 0.066924 ms)

========================================================================
Received Import Request.
  Time since last request: 861.203397 seconds.
  path: Assets/Prefabs/Boid.prefab
  artifactKey: Guid(d1155a5e6231444a4ae320400ea29d1b) Importer(815301076,1909f56bfc062723c751e8b465ee728b)
Start importing Assets/Prefabs/Boid.prefab using Guid(d1155a5e6231444a4ae320400ea29d1b) Importer(815301076,1909f56bfc062723c751e8b465ee728b)  -> (artifact id: '860b9c0148972520e5806d3eda6d29ea') in 0.203875 seconds
  Import took 0.207216 seconds .

========================================================================
Received Prepare
Registering precompiled user dll's ...
Registered in 0.000587 seconds.
Begin MonoManager ReloadAssembly
Native extension for OSXStandalone target not found
Refreshing native plugins compatible for Editor in 0.25 ms, found 1 plugins.
Preloading 0 native plugins for Editor in 0.00 ms.
Mono: successfully reloaded assembly
- Completed reload, in  1.287 seconds
Platform modules already initialized, skipping
Refreshing native plugins compatible for Editor in 0.38 ms, found 1 plugins.
Preloading 0 native plugins for Editor in 0.00 ms.
Unloading 1112 Unused Serialized files (Serialized files now loaded: 0)
System memory in use before: 143.9 MB.
System memory in use after: 143.9 MB.

Unloading 6 unused Assets to reduce memory usage. Loaded Objects now: 1885.
Total: 3.055253 ms (FindLiveObjects: 0.643345 ms CreateObjectMapping: 0.111685 ms MarkObjects: 2.215823 ms  DeleteObjects: 0.079200 ms)

========================================================================
Received Import Request.
  Time since last request: 12.583840 seconds.
  path: Assets/Prefabs/Boid.prefab
  artifactKey: Guid(d1155a5e6231444a4ae320400ea29d1b) Importer(815301076,1909f56bfc062723c751e8b465ee728b)
Start importing Assets/Prefabs/Boid.prefab using Guid(d1155a5e6231444a4ae320400ea29d1b) Importer(815301076,1909f56bfc062723c751e8b465ee728b)  -> (artifact id: '95cf5dde8950ab7ae5af6fd257a6580a') in 0.092307 seconds
  Import took 0.094957 seconds .

========================================================================
Received Prepare
Registering precompiled user dll's ...
Registered in 0.000761 seconds.
Begin MonoManager ReloadAssembly
Native extension for OSXStandalone target not found
Refreshing native plugins compatible for Editor in 0.24 ms, found 1 plugins.
Preloading 0 native plugins for Editor in 0.00 ms.
Mono: successfully reloaded assembly
- Completed reload, in  1.579 seconds
Platform modules already initialized, skipping
Refreshing native plugins compatible for Editor in 0.22 ms, found 1 plugins.
Preloading 0 native plugins for Editor in 0.00 ms.
Unloading 1112 Unused Serialized files (Serialized files now loaded: 0)
System memory in use before: 144.1 MB.
System memory in use after: 144.2 MB.

Unloading 6 unused Assets to reduce memory usage. Loaded Objects now: 1889.
Total: 2.405696 ms (FindLiveObjects: 0.410297 ms CreateObjectMapping: 0.103604 ms MarkObjects: 1.794322 ms  DeleteObjects: 0.095685 ms)

========================================================================
Received Import Request.
  Time since last request: 136.341455 seconds.
  path: Assets/Prefabs/Boid.prefab
  artifactKey: Guid(d1155a5e6231444a4ae320400ea29d1b) Importer(815301076,1909f56bfc062723c751e8b465ee728b)
Start importing Assets/Prefabs/Boid.prefab using Guid(d1155a5e6231444a4ae320400ea29d1b) Importer(815301076,1909f56bfc062723c751e8b465ee728b)  -> (artifact id: 'd521ff61b244dd61900e92b2d90cd593') in 0.144115 seconds
  Import took 0.148338 seconds .

========================================================================
Received Prepare
Registering precompiled user dll's ...
Registered in 0.000596 seconds.
Begin MonoManager ReloadAssembly
Native extension for OSXStandalone target not found
Refreshing native plugins compatible for Editor in 0.23 ms, found 1 plugins.
Preloading 0 native plugins for Editor in 0.00 ms.
Mono: successfully reloaded assembly
- Completed reload, in  1.348 seconds
Platform modules already initialized, skipping
Refreshing native plugins compatible for Editor in 0.27 ms, found 1 plugins.
Preloading 0 native plugins for Editor in 0.00 ms.
Unloading 1112 Unused Serialized files (Serialized files now loaded: 0)
System memory in use before: 144.4 MB.
System memory in use after: 144.4 MB.

Unloading 6 unused Assets to reduce memory usage. Loaded Objects now: 1893.
Total: 2.557978 ms (FindLiveObjects: 0.414146 ms CreateObjectMapping: 0.083902 ms MarkObjects: 1.900534 ms  DeleteObjects: 0.157505 ms)

========================================================================
Received Import Request.
  Time since last request: 22.790101 seconds.
  path: Assets/Prefabs/Boid.prefab
  artifactKey: Guid(d1155a5e6231444a4ae320400ea29d1b) Importer(815301076,1909f56bfc062723c751e8b465ee728b)
Start importing Assets/Prefabs/Boid.prefab using Guid(d1155a5e6231444a4ae320400ea29d1b) Importer(815301076,1909f56bfc062723c751e8b465ee728b)  -> (artifact id: '358a65dd8921a507e112d3b02de05dd8') in 0.114184 seconds
  Import took 0.119358 seconds .

========================================================================
Received Prepare
Registering precompiled user dll's ...
Registered in 0.000607 seconds.
Begin MonoManager ReloadAssembly
Native extension for OSXStandalone target not found
Refreshing native plugins compatible for Editor in 0.24 ms, found 1 plugins.
Preloading 0 native plugins for Editor in 0.00 ms.
Mono: successfully reloaded assembly
- Completed reload, in  1.272 seconds
Platform modules already initialized, skipping
Refreshing native plugins compatible for Editor in 0.44 ms, found 1 plugins.
Preloading 0 native plugins for Editor in 0.00 ms.
Unloading 1112 Unused Serialized files (Serialized files now loaded: 0)
System memory in use before: 144.6 MB.
System memory in use after: 144.6 MB.

Unloading 6 unused Assets to reduce memory usage. Loaded Objects now: 1897.
Total: 1.994621 ms (FindLiveObjects: 0.273597 ms CreateObjectMapping: 0.043375 ms MarkObjects: 1.595980 ms  DeleteObjects: 0.080295 ms)

========================================================================
Received Import Request.
  Time since last request: 17.773216 seconds.
  path: Assets/Prefabs/Boid.prefab
  artifactKey: Guid(d1155a5e6231444a4ae320400ea29d1b) Importer(815301076,1909f56bfc062723c751e8b465ee728b)
Start importing Assets/Prefabs/Boid.prefab using Guid(d1155a5e6231444a4ae320400ea29d1b) Importer(815301076,1909f56bfc062723c751e8b465ee728b)  -> (artifact id: '65c610b7ea2e84dda6008afc40ae7079') in 0.098721 seconds
  Import took 0.102240 seconds .

========================================================================
Received Prepare
Registering precompiled user dll's ...
Registered in 0.000581 seconds.
Begin MonoManager ReloadAssembly
Native extension for OSXStandalone target not found
Refreshing native plugins compatible for Editor in 0.37 ms, found 1 plugins.
Preloading 0 native plugins for Editor in 0.00 ms.
Mono: successfully reloaded assembly
- Completed reload, in  1.299 seconds
Platform modules already initialized, skipping
Refreshing native plugins compatible for Editor in 0.28 ms, found 1 plugins.
Preloading 0 native plugins for Editor in 0.00 ms.
Unloading 1112 Unused Serialized files (Serialized files now loaded: 0)
System memory in use before: 144.8 MB.
System memory in use after: 144.8 MB.

Unloading 6 unused Assets to reduce memory usage. Loaded Objects now: 1901.
Total: 2.344723 ms (FindLiveObjects: 0.225558 ms CreateObjectMapping: 0.048727 ms MarkObjects: 2.003636 ms  DeleteObjects: 0.065390 ms)

========================================================================
Received Import Request.
  Time since last request: 10.514627 seconds.
  path: Assets/Prefabs/Boid.prefab
  artifactKey: Guid(d1155a5e6231444a4ae320400ea29d1b) Importer(815301076,1909f56bfc062723c751e8b465ee728b)
Start importing Assets/Prefabs/Boid.prefab using Guid(d1155a5e6231444a4ae320400ea29d1b) Importer(815301076,1909f56bfc062723c751e8b465ee728b)  -> (artifact id: 'b84eddcb0a17cdeedf37dbc81657290a') in 0.093926 seconds
  Import took 0.096969 seconds .

========================================================================
Received Prepare
Registering precompiled user dll's ...
Registered in 0.001017 seconds.
Begin MonoManager ReloadAssembly
Native extension for OSXStandalone target not found
Refreshing native plugins compatible for Editor in 0.34 ms, found 1 plugins.
Preloading 0 native plugins for Editor in 0.00 ms.
Mono: successfully reloaded assembly
- Completed reload, in  1.353 seconds
Platform modules already initialized, skipping
Refreshing native plugins compatible for Editor in 0.48 ms, found 1 plugins.
Preloading 0 native plugins for Editor in 0.00 ms.
Unloading 1112 Unused Serialized files (Serialized files now loaded: 0)
System memory in use before: 145.0 MB.
System memory in use after: 145.0 MB.

Unloading 6 unused Assets to reduce memory usage. Loaded Objects now: 1905.
Total: 1.818720 ms (FindLiveObjects: 0.230509 ms CreateObjectMapping: 0.039310 ms MarkObjects: 1.489191 ms  DeleteObjects: 0.058227 ms)

========================================================================
Received Import Request.
  Time since last request: 15.702876 seconds.
  path: Assets/Prefabs/Boid.prefab
  artifactKey: Guid(d1155a5e6231444a4ae320400ea29d1b) Importer(815301076,1909f56bfc062723c751e8b465ee728b)
Start importing Assets/Prefabs/Boid.prefab using Guid(d1155a5e6231444a4ae320400ea29d1b) Importer(815301076,1909f56bfc062723c751e8b465ee728b)  -> (artifact id: '9fbf691aeac2c011d9bd1cd284bd1a42') in 0.105598 seconds
  Import took 0.108679 seconds .

========================================================================
Received Prepare
Registering precompiled user dll's ...
Registered in 0.001116 seconds.
Begin MonoManager ReloadAssembly
Native extension for OSXStandalone target not found
Refreshing native plugins compatible for Editor in 0.24 ms, found 1 plugins.
Preloading 0 native plugins for Editor in 0.00 ms.
Mono: successfully reloaded assembly
- Completed reload, in  1.369 seconds
Platform modules already initialized, skipping
Refreshing native plugins compatible for Editor in 0.20 ms, found 1 plugins.
Preloading 0 native plugins for Editor in 0.00 ms.
Unloading 1112 Unused Serialized files (Serialized files now loaded: 0)
System memory in use before: 145.2 MB.
System memory in use after: 145.3 MB.

Unloading 6 unused Assets to reduce memory usage. Loaded Objects now: 1909.
Total: 1.923085 ms (FindLiveObjects: 0.283803 ms CreateObjectMapping: 0.058132 ms MarkObjects: 1.501223 ms  DeleteObjects: 0.078670 ms)

========================================================================
Received Import Request.
  Time since last request: 311.279925 seconds.
  path: Assets/Prefabs/Boid.prefab
  artifactKey: Guid(d1155a5e6231444a4ae320400ea29d1b) Importer(815301076,1909f56bfc062723c751e8b465ee728b)
Start importing Assets/Prefabs/Boid.prefab using Guid(d1155a5e6231444a4ae320400ea29d1b) Importer(815301076,1909f56bfc062723c751e8b465ee728b)  -> (artifact id: '63b2de66865599c998ee58c6e470f9ba') in 0.098405 seconds
  Import took 0.102074 seconds .

========================================================================
Received Prepare
Registering precompiled user dll's ...
Registered in 0.000590 seconds.
Begin MonoManager ReloadAssembly
Native extension for OSXStandalone target not found
Refreshing native plugins compatible for Editor in 0.24 ms, found 1 plugins.
Preloading 0 native plugins for Editor in 0.00 ms.
Mono: successfully reloaded assembly
- Completed reload, in  1.274 seconds
Platform modules already initialized, skipping
Refreshing native plugins compatible for Editor in 0.24 ms, found 1 plugins.
Preloading 0 native plugins for Editor in 0.00 ms.
Unloading 1112 Unused Serialized files (Serialized files now loaded: 0)
System memory in use before: 145.4 MB.
System memory in use after: 145.5 MB.

Unloading 6 unused Assets to reduce memory usage. Loaded Objects now: 1913.
Total: 2.161212 ms (FindLiveObjects: 0.266714 ms CreateObjectMapping: 0.058362 ms MarkObjects: 1.737092 ms  DeleteObjects: 0.096928 ms)

========================================================================
Received Import Request.
  Time since last request: 4.830204 seconds.
  path: Assets/Prefabs/Boid.prefab
  artifactKey: Guid(d1155a5e6231444a4ae320400ea29d1b) Importer(815301076,1909f56bfc062723c751e8b465ee728b)
Start importing Assets/Prefabs/Boid.prefab using Guid(d1155a5e6231444a4ae320400ea29d1b) Importer(815301076,1909f56bfc062723c751e8b465ee728b)  -> (artifact id: 'a2a91125dfed0abc03cc99358259aff4') in 0.101920 seconds
  Import took 0.105349 seconds .

========================================================================
Received Import Request.
  Time since last request: 18.900818 seconds.
  path: Assets/Prefabs/Boid.prefab
  artifactKey: Guid(d1155a5e6231444a4ae320400ea29d1b) Importer(815301076,1909f56bfc062723c751e8b465ee728b)
Start importing Assets/Prefabs/Boid.prefab using Guid(d1155a5e6231444a4ae320400ea29d1b) Importer(815301076,1909f56bfc062723c751e8b465ee728b)  -> (artifact id: '12eb02b916689344ca4f7b13c7af27c0') in 0.017540 seconds
  Import took 0.020988 seconds .

========================================================================
Received Import Request.
  Time since last request: 0.024746 seconds.
  path: Assets/Prefabs/Boid.prefab
  artifactKey: Guid(d1155a5e6231444a4ae320400ea29d1b) Importer(815301076,1909f56bfc062723c751e8b465ee728b)
Start importing Assets/Prefabs/Boid.prefab using Guid(d1155a5e6231444a4ae320400ea29d1b) Importer(815301076,1909f56bfc062723c751e8b465ee728b)  -> (artifact id: '12eb02b916689344ca4f7b13c7af27c0') in 0.014294 seconds
  Import took 0.018117 seconds .

========================================================================
Received Prepare
Registering precompiled user dll's ...
Registered in 0.002156 seconds.
Begin MonoManager ReloadAssembly
Native extension for OSXStandalone target not found
Refreshing native plugins compatible for Editor in 0.24 ms, found 1 plugins.
Preloading 0 native plugins for Editor in 0.00 ms.
Mono: successfully reloaded assembly
- Completed reload, in  2.500 seconds
Platform modules already initialized, skipping
Refreshing native plugins compatible for Editor in 0.22 ms, found 1 plugins.
Preloading 0 native plugins for Editor in 0.00 ms.
Unloading 1112 Unused Serialized files (Serialized files now loaded: 0)
System memory in use before: 145.7 MB.
System memory in use after: 145.7 MB.

Unloading 6 unused Assets to reduce memory usage. Loaded Objects now: 1917.
Total: 17.787209 ms (FindLiveObjects: 6.107971 ms CreateObjectMapping: 0.080502 ms MarkObjects: 11.477527 ms  DeleteObjects: 0.120244 ms)

========================================================================
Received Prepare
Registering precompiled user dll's ...
Registered in 0.000768 seconds.
Begin MonoManager ReloadAssembly
Native extension for OSXStandalone target not found
Refreshing native plugins compatible for Editor in 0.25 ms, found 1 plugins.
Preloading 0 native plugins for Editor in 0.00 ms.
Mono: successfully reloaded assembly
- Completed reload, in  1.591 seconds
Platform modules already initialized, skipping
Refreshing native plugins compatible for Editor in 0.35 ms, found 1 plugins.
Preloading 0 native plugins for Editor in 0.00 ms.
Unloading 1112 Unused Serialized files (Serialized files now loaded: 0)
System memory in use before: 145.9 MB.
System memory in use after: 145.9 MB.

Unloading 5 unused Assets to reduce memory usage. Loaded Objects now: 1920.
Total: 2.857506 ms (FindLiveObjects: 0.397664 ms CreateObjectMapping: 0.065738 ms MarkObjects: 2.291181 ms  DeleteObjects: 0.101674 ms)

========================================================================
Received Prepare
Registering precompiled user dll's ...
Registered in 0.001125 seconds.
Begin MonoManager ReloadAssembly
Native extension for OSXStandalone target not found
Refreshing native plugins compatible for Editor in 0.23 ms, found 1 plugins.
Preloading 0 native plugins for Editor in 0.00 ms.
Mono: successfully reloaded assembly
- Completed reload, in  1.101 seconds
Platform modules already initialized, skipping
Refreshing native plugins compatible for Editor in 0.21 ms, found 1 plugins.
Preloading 0 native plugins for Editor in 0.00 ms.
Unloading 1112 Unused Serialized files (Serialized files now loaded: 0)
System memory in use before: 146.0 MB.
System memory in use after: 146.1 MB.

Unloading 5 unused Assets to reduce memory usage. Loaded Objects now: 1923.
Total: 1.758822 ms (FindLiveObjects: 0.209900 ms CreateObjectMapping: 0.041385 ms MarkObjects: 1.445330 ms  DeleteObjects: 0.061076 ms)

========================================================================
Received Import Request.
  Time since last request: 961.529579 seconds.
  path: Assets/Prefabs/Boid.prefab
  artifactKey: Guid(d1155a5e6231444a4ae320400ea29d1b) Importer(815301076,1909f56bfc062723c751e8b465ee728b)
Start importing Assets/Prefabs/Boid.prefab using Guid(d1155a5e6231444a4ae320400ea29d1b) Importer(815301076,1909f56bfc062723c751e8b465ee728b)  -> (artifact id: 'e23a9b368f919483bf4841b8e2d57aa6') in 0.135740 seconds
  Import took 0.143155 seconds .

========================================================================
Received Prepare
Registering precompiled user dll's ...
Registered in 0.000748 seconds.
Begin MonoManager ReloadAssembly
Native extension for OSXStandalone target not found
Refreshing native plugins compatible for Editor in 0.29 ms, found 1 plugins.
Preloading 0 native plugins for Editor in 0.00 ms.
Mono: successfully reloaded assembly
- Completed reload, in  1.407 seconds
Platform modules already initialized, skipping
Refreshing native plugins compatible for Editor in 0.19 ms, found 1 plugins.
Preloading 0 native plugins for Editor in 0.00 ms.
Unloading 1112 Unused Serialized files (Serialized files now loaded: 0)
System memory in use before: 146.2 MB.
System memory in use after: 146.3 MB.

Unloading 6 unused Assets to reduce memory usage. Loaded Objects now: 1927.
Total: 2.260005 ms (FindLiveObjects: 0.403387 ms CreateObjectMapping: 0.065047 ms MarkObjects: 1.700261 ms  DeleteObjects: 0.090372 ms)

========================================================================
Received Import Request.
  Time since last request: 221.086299 seconds.
  path: Assets/Prefabs/Boid.prefab
  artifactKey: Guid(d1155a5e6231444a4ae320400ea29d1b) Importer(815301076,1909f56bfc062723c751e8b465ee728b)
Start importing Assets/Prefabs/Boid.prefab using Guid(d1155a5e6231444a4ae320400ea29d1b) Importer(815301076,1909f56bfc062723c751e8b465ee728b)  -> (artifact id: '68ee9f62c1af8eaaf14b7b039c8840de') in 0.089694 seconds
  Import took 0.093495 seconds .

========================================================================
Received Prepare
Registering precompiled user dll's ...
Registered in 0.000537 seconds.
Begin MonoManager ReloadAssembly
Native extension for OSXStandalone target not found
Refreshing native plugins compatible for Editor in 0.33 ms, found 1 plugins.
Preloading 0 native plugins for Editor in 0.00 ms.
Mono: successfully reloaded assembly
- Completed reload, in  1.260 seconds
Platform modules already initialized, skipping
Refreshing native plugins compatible for Editor in 0.28 ms, found 1 plugins.
Preloading 0 native plugins for Editor in 0.00 ms.
Unloading 1112 Unused Serialized files (Serialized files now loaded: 0)
System memory in use before: 146.5 MB.
System memory in use after: 146.5 MB.

Unloading 6 unused Assets to reduce memory usage. Loaded Objects now: 1931.
Total: 3.352338 ms (FindLiveObjects: 0.216783 ms CreateObjectMapping: 0.043753 ms MarkObjects: 3.000186 ms  DeleteObjects: 0.090035 ms)

========================================================================
Received Import Request.
  Time since last request: 16.825511 seconds.
  path: Assets/Prefabs/Boid.prefab
  artifactKey: Guid(d1155a5e6231444a4ae320400ea29d1b) Importer(815301076,1909f56bfc062723c751e8b465ee728b)
Start importing Assets/Prefabs/Boid.prefab using Guid(d1155a5e6231444a4ae320400ea29d1b) Importer(815301076,1909f56bfc062723c751e8b465ee728b)  -> (artifact id: '7657b6104f8e9dae0c607fae305394ee') in 0.089582 seconds
  Import took 0.093128 seconds .

========================================================================
Received Import Request.
  Time since last request: 14.544040 seconds.
  path: Assets/Prefabs/Boid.prefab
  artifactKey: Guid(d1155a5e6231444a4ae320400ea29d1b) Importer(815301076,1909f56bfc062723c751e8b465ee728b)
Start importing Assets/Prefabs/Boid.prefab using Guid(d1155a5e6231444a4ae320400ea29d1b) Importer(815301076,1909f56bfc062723c751e8b465ee728b)  -> (artifact id: 'ec7424aa3886663fd750d8e1037e2e01') in 0.016686 seconds
  Import took 0.019642 seconds .

========================================================================
Received Import Request.
  Time since last request: 0.033747 seconds.
  path: Assets/Prefabs/Boid.prefab
  artifactKey: Guid(d1155a5e6231444a4ae320400ea29d1b) Importer(815301076,1909f56bfc062723c751e8b465ee728b)
Start importing Assets/Prefabs/Boid.prefab using Guid(d1155a5e6231444a4ae320400ea29d1b) Importer(815301076,1909f56bfc062723c751e8b465ee728b)  -> (artifact id: 'ec7424aa3886663fd750d8e1037e2e01') in 0.011794 seconds
  Import took 0.015589 seconds .

========================================================================
Received Import Request.
  Time since last request: 1.990971 seconds.
  path: Assets/Prefabs/Boid.prefab
  artifactKey: Guid(d1155a5e6231444a4ae320400ea29d1b) Importer(815301076,1909f56bfc062723c751e8b465ee728b)
Start importing Assets/Prefabs/Boid.prefab using Guid(d1155a5e6231444a4ae320400ea29d1b) Importer(815301076,1909f56bfc062723c751e8b465ee728b)  -> (artifact id: '4f0505fdd0d7009df75f8dc29351da20') in 0.016573 seconds
  Import took 0.020580 seconds .

========================================================================
Received Import Request.
  Time since last request: 0.026746 seconds.
  path: Assets/Prefabs/Boid.prefab
  artifactKey: Guid(d1155a5e6231444a4ae320400ea29d1b) Importer(815301076,1909f56bfc062723c751e8b465ee728b)
Start importing Assets/Prefabs/Boid.prefab using Guid(d1155a5e6231444a4ae320400ea29d1b) Importer(815301076,1909f56bfc062723c751e8b465ee728b)  -> (artifact id: '4f0505fdd0d7009df75f8dc29351da20') in 0.013628 seconds
  Import took 0.016464 seconds .

========================================================================
Received Prepare
Registering precompiled user dll's ...
Registered in 0.000655 seconds.
Begin MonoManager ReloadAssembly
Native extension for OSXStandalone target not found
Refreshing native plugins compatible for Editor in 0.25 ms, found 1 plugins.
Preloading 0 native plugins for Editor in 0.00 ms.
Mono: successfully reloaded assembly
- Completed reload, in  1.263 seconds
Platform modules already initialized, skipping
Refreshing native plugins compatible for Editor in 0.25 ms, found 1 plugins.
Preloading 0 native plugins for Editor in 0.00 ms.
Unloading 1112 Unused Serialized files (Serialized files now loaded: 0)
System memory in use before: 146.8 MB.
System memory in use after: 146.8 MB.

Unloading 6 unused Assets to reduce memory usage. Loaded Objects now: 1935.
Total: 2.483589 ms (FindLiveObjects: 0.323912 ms CreateObjectMapping: 0.049646 ms MarkObjects: 2.028985 ms  DeleteObjects: 0.079668 ms)

========================================================================
Received Import Request.
  Time since last request: 8.059818 seconds.
  path: Assets/Prefabs/Boid.prefab
  artifactKey: Guid(d1155a5e6231444a4ae320400ea29d1b) Importer(815301076,1909f56bfc062723c751e8b465ee728b)
Start importing Assets/Prefabs/Boid.prefab using Guid(d1155a5e6231444a4ae320400ea29d1b) Importer(815301076,1909f56bfc062723c751e8b465ee728b)  -> (artifact id: '918cc9909a1730d234165c7d3c2690ac') in 0.094277 seconds
  Import took 0.098343 seconds .

========================================================================
Received Prepare
Registering precompiled user dll's ...
Registered in 0.000618 seconds.
Begin MonoManager ReloadAssembly
Native extension for OSXStandalone target not found
Refreshing native plugins compatible for Editor in 0.41 ms, found 1 plugins.
Preloading 0 native plugins for Editor in 0.00 ms.
Mono: successfully reloaded assembly
- Completed reload, in  1.359 seconds
Platform modules already initialized, skipping
Refreshing native plugins compatible for Editor in 0.26 ms, found 1 plugins.
Preloading 0 native plugins for Editor in 0.00 ms.
Unloading 1112 Unused Serialized files (Serialized files now loaded: 0)
System memory in use before: 147.0 MB.
System memory in use after: 147.1 MB.

Unloading 6 unused Assets to reduce memory usage. Loaded Objects now: 1939.
Total: 3.001387 ms (FindLiveObjects: 0.293469 ms CreateObjectMapping: 0.056395 ms MarkObjects: 2.564330 ms  DeleteObjects: 0.085643 ms)

========================================================================
Received Import Request.
  Time since last request: 15.919474 seconds.
  path: Assets/Prefabs/Boid.prefab
  artifactKey: Guid(d1155a5e6231444a4ae320400ea29d1b) Importer(815301076,1909f56bfc062723c751e8b465ee728b)
Start importing Assets/Prefabs/Boid.prefab using Guid(d1155a5e6231444a4ae320400ea29d1b) Importer(815301076,1909f56bfc062723c751e8b465ee728b)  -> (artifact id: '0004c7aa7a25e10eee4c36419a0ca678') in 0.088345 seconds
  Import took 0.091329 seconds .

========================================================================
Received Import Request.
  Time since last request: 8.271540 seconds.
  path: Assets/Prefabs/Boid.prefab
  artifactKey: Guid(d1155a5e6231444a4ae320400ea29d1b) Importer(815301076,1909f56bfc062723c751e8b465ee728b)
Start importing Assets/Prefabs/Boid.prefab using Guid(d1155a5e6231444a4ae320400ea29d1b) Importer(815301076,1909f56bfc062723c751e8b465ee728b)  -> (artifact id: 'ffc097a3138059c55f3ea6427f59779d') in 0.017113 seconds
  Import took 0.021112 seconds .

========================================================================
Received Import Request.
  Time since last request: 0.018803 seconds.
  path: Assets/Prefabs/Boid.prefab
  artifactKey: Guid(d1155a5e6231444a4ae320400ea29d1b) Importer(815301076,1909f56bfc062723c751e8b465ee728b)
Start importing Assets/Prefabs/Boid.prefab using Guid(d1155a5e6231444a4ae320400ea29d1b) Importer(815301076,1909f56bfc062723c751e8b465ee728b)  -> (artifact id: 'ffc097a3138059c55f3ea6427f59779d') in 0.028322 seconds
  Import took 0.030796 seconds .

========================================================================
Received Prepare
Registering precompiled user dll's ...
Registered in 0.000568 seconds.
Begin MonoManager ReloadAssembly
Native extension for OSXStandalone target not found
Refreshing native plugins compatible for Editor in 0.24 ms, found 1 plugins.
Preloading 0 native plugins for Editor in 0.00 ms.
Mono: successfully reloaded assembly
- Completed reload, in  1.262 seconds
Platform modules already initialized, skipping
Refreshing native plugins compatible for Editor in 0.43 ms, found 1 plugins.
Preloading 0 native plugins for Editor in 0.00 ms.
Unloading 1112 Unused Serialized files (Serialized files now loaded: 0)
System memory in use before: 147.3 MB.
System memory in use after: 147.3 MB.

Unloading 6 unused Assets to reduce memory usage. Loaded Objects now: 1943.
Total: 3.872690 ms (FindLiveObjects: 0.303018 ms CreateObjectMapping: 0.043672 ms MarkObjects: 3.443993 ms  DeleteObjects: 0.080045 ms)

========================================================================
Received Import Request.
  Time since last request: 7.322474 seconds.
  path: Assets/Prefabs/Boid.prefab
  artifactKey: Guid(d1155a5e6231444a4ae320400ea29d1b) Importer(815301076,1909f56bfc062723c751e8b465ee728b)
Start importing Assets/Prefabs/Boid.prefab using Guid(d1155a5e6231444a4ae320400ea29d1b) Importer(815301076,1909f56bfc062723c751e8b465ee728b)  -> (artifact id: '4b76b19eb948e73cd8e1173640b1e3b1') in 0.096127 seconds
  Import took 0.098595 seconds .

========================================================================
Received Prepare
Registering precompiled user dll's ...
Registered in 0.000710 seconds.
Begin MonoManager ReloadAssembly
Native extension for OSXStandalone target not found
Refreshing native plugins compatible for Editor in 0.23 ms, found 1 plugins.
Preloading 0 native plugins for Editor in 0.00 ms.
Mono: successfully reloaded assembly
- Completed reload, in  1.639 seconds
Platform modules already initialized, skipping
Refreshing native plugins compatible for Editor in 0.34 ms, found 1 plugins.
Preloading 0 native plugins for Editor in 0.00 ms.
Unloading 1112 Unused Serialized files (Serialized files now loaded: 0)
System memory in use before: 147.5 MB.
System memory in use after: 147.5 MB.

Unloading 6 unused Assets to reduce memory usage. Loaded Objects now: 1947.
Total: 4.728892 ms (FindLiveObjects: 1.035152 ms CreateObjectMapping: 0.046650 ms MarkObjects: 3.545435 ms  DeleteObjects: 0.100489 ms)

========================================================================
Received Prepare
Registering precompiled user dll's ...
Registered in 0.000560 seconds.
Begin MonoManager ReloadAssembly
Native extension for OSXStandalone target not found
Refreshing native plugins compatible for Editor in 0.23 ms, found 1 plugins.
Preloading 0 native plugins for Editor in 0.00 ms.
Mono: successfully reloaded assembly
- Completed reload, in  1.141 seconds
Platform modules already initialized, skipping
Refreshing native plugins compatible for Editor in 0.38 ms, found 1 plugins.
Preloading 0 native plugins for Editor in 0.00 ms.
Unloading 1112 Unused Serialized files (Serialized files now loaded: 0)
System memory in use before: 147.6 MB.
System memory in use after: 147.7 MB.

Unloading 5 unused Assets to reduce memory usage. Loaded Objects now: 1950.
Total: 1.967955 ms (FindLiveObjects: 0.224524 ms CreateObjectMapping: 0.037708 ms MarkObjects: 1.644706 ms  DeleteObjects: 0.060073 ms)

========================================================================
Received Import Request.
  Time since last request: 408.408545 seconds.
  path: Assets/Prefabs/Boid.prefab
  artifactKey: Guid(d1155a5e6231444a4ae320400ea29d1b) Importer(815301076,1909f56bfc062723c751e8b465ee728b)
Start importing Assets/Prefabs/Boid.prefab using Guid(d1155a5e6231444a4ae320400ea29d1b) Importer(815301076,1909f56bfc062723c751e8b465ee728b)  -> (artifact id: '3f2eb3ca953f21157a36a1801b919809') in 0.103975 seconds
  Import took 0.107398 seconds .

========================================================================
Received Prepare
Registering precompiled user dll's ...
Registered in 0.000719 seconds.
Begin MonoManager ReloadAssembly
Native extension for OSXStandalone target not found
Refreshing native plugins compatible for Editor in 0.30 ms, found 1 plugins.
Preloading 0 native plugins for Editor in 0.00 ms.
Mono: successfully reloaded assembly
- Completed reload, in  1.280 seconds
Platform modules already initialized, skipping
Refreshing native plugins compatible for Editor in 0.29 ms, found 1 plugins.
Preloading 0 native plugins for Editor in 0.00 ms.
Unloading 1112 Unused Serialized files (Serialized files now loaded: 0)
System memory in use before: 147.9 MB.
System memory in use after: 147.9 MB.

Unloading 6 unused Assets to reduce memory usage. Loaded Objects now: 1954.
Total: 1.812686 ms (FindLiveObjects: 0.209229 ms CreateObjectMapping: 0.038426 ms MarkObjects: 1.505812 ms  DeleteObjects: 0.057627 ms)

========================================================================
Received Import Request.
  Time since last request: 5.985610 seconds.
  path: Assets/Prefabs/Boid.prefab
  artifactKey: Guid(d1155a5e6231444a4ae320400ea29d1b) Importer(815301076,1909f56bfc062723c751e8b465ee728b)
Start importing Assets/Prefabs/Boid.prefab using Guid(d1155a5e6231444a4ae320400ea29d1b) Importer(815301076,1909f56bfc062723c751e8b465ee728b)  -> (artifact id: '9edabff23398b32b90bbb4bb0c22cfa7') in 0.110489 seconds
  Import took 0.118814 seconds .

========================================================================
Received Import Request.
  Time since last request: 24.989628 seconds.
  path: Assets/Prefabs/Boid.prefab
  artifactKey: Guid(d1155a5e6231444a4ae320400ea29d1b) Importer(815301076,1909f56bfc062723c751e8b465ee728b)
Start importing Assets/Prefabs/Boid.prefab using Guid(d1155a5e6231444a4ae320400ea29d1b) Importer(815301076,1909f56bfc062723c751e8b465ee728b)  -> (artifact id: '496cd15ce5cedf01d0eb3b25dd90412c') in 0.016639 seconds
  Import took 0.021247 seconds .

========================================================================
Received Import Request.
  Time since last request: 0.022065 seconds.
  path: Assets/Prefabs/Boid.prefab
  artifactKey: Guid(d1155a5e6231444a4ae320400ea29d1b) Importer(815301076,1909f56bfc062723c751e8b465ee728b)
Start importing Assets/Prefabs/Boid.prefab using Guid(d1155a5e6231444a4ae320400ea29d1b) Importer(815301076,1909f56bfc062723c751e8b465ee728b)  -> (artifact id: '496cd15ce5cedf01d0eb3b25dd90412c') in 0.014098 seconds
  Import took 0.017677 seconds .

========================================================================
Received Prepare
Registering precompiled user dll's ...
Registered in 0.000475 seconds.
Begin MonoManager ReloadAssembly
Native extension for OSXStandalone target not found
Refreshing native plugins compatible for Editor in 0.39 ms, found 1 plugins.
Preloading 0 native plugins for Editor in 0.00 ms.
Mono: successfully reloaded assembly
- Completed reload, in  1.576 seconds
Platform modules already initialized, skipping
Refreshing native plugins compatible for Editor in 0.53 ms, found 1 plugins.
Preloading 0 native plugins for Editor in 0.00 ms.
Unloading 1112 Unused Serialized files (Serialized files now loaded: 0)
System memory in use before: 148.1 MB.
System memory in use after: 148.2 MB.

Unloading 6 unused Assets to reduce memory usage. Loaded Objects now: 1958.
Total: 2.604250 ms (FindLiveObjects: 0.373729 ms CreateObjectMapping: 0.057018 ms MarkObjects: 2.077746 ms  DeleteObjects: 0.093895 ms)

========================================================================
Received Prepare
Registering precompiled user dll's ...
Registered in 0.000365 seconds.
Begin MonoManager ReloadAssembly
Native extension for OSXStandalone target not found
Refreshing native plugins compatible for Editor in 0.23 ms, found 1 plugins.
Preloading 0 native plugins for Editor in 0.00 ms.
Mono: successfully reloaded assembly
- Completed reload, in  0.990 seconds
Platform modules already initialized, skipping
Refreshing native plugins compatible for Editor in 0.23 ms, found 1 plugins.
Preloading 0 native plugins for Editor in 0.00 ms.
Unloading 1112 Unused Serialized files (Serialized files now loaded: 0)
System memory in use before: 148.3 MB.
System memory in use after: 148.4 MB.

Unloading 5 unused Assets to reduce memory usage. Loaded Objects now: 1961.
Total: 1.785960 ms (FindLiveObjects: 0.223061 ms CreateObjectMapping: 0.039662 ms MarkObjects: 1.467815 ms  DeleteObjects: 0.054214 ms)

========================================================================
Received Import Request.
  Time since last request: 241.009152 seconds.
  path: Assets/Prefabs/Boid.prefab
  artifactKey: Guid(d1155a5e6231444a4ae320400ea29d1b) Importer(815301076,1909f56bfc062723c751e8b465ee728b)
Start importing Assets/Prefabs/Boid.prefab using Guid(d1155a5e6231444a4ae320400ea29d1b) Importer(815301076,1909f56bfc062723c751e8b465ee728b)  -> (artifact id: '6775bbaedfe54d395a7ce1cd13ff1f46') in 0.122321 seconds
  Import took 0.131795 seconds .

========================================================================
Received Prepare
Registering precompiled user dll's ...
Registered in 0.001144 seconds.
Begin MonoManager ReloadAssembly
Native extension for OSXStandalone target not found
Refreshing native plugins compatible for Editor in 0.29 ms, found 1 plugins.
Preloading 0 native plugins for Editor in 0.00 ms.
Mono: successfully reloaded assembly
- Completed reload, in  1.389 seconds
Platform modules already initialized, skipping
Refreshing native plugins compatible for Editor in 0.24 ms, found 1 plugins.
Preloading 0 native plugins for Editor in 0.00 ms.
Unloading 1112 Unused Serialized files (Serialized files now loaded: 0)
System memory in use before: 148.5 MB.
System memory in use after: 148.6 MB.

Unloading 6 unused Assets to reduce memory usage. Loaded Objects now: 1965.
Total: 2.794961 ms (FindLiveObjects: 0.328267 ms CreateObjectMapping: 0.074467 ms MarkObjects: 2.323278 ms  DeleteObjects: 0.067533 ms)

========================================================================
Received Import Request.
  Time since last request: 6.755258 seconds.
  path: Assets/Prefabs/Boid.prefab
  artifactKey: Guid(d1155a5e6231444a4ae320400ea29d1b) Importer(815301076,1909f56bfc062723c751e8b465ee728b)
Start importing Assets/Prefabs/Boid.prefab using Guid(d1155a5e6231444a4ae320400ea29d1b) Importer(815301076,1909f56bfc062723c751e8b465ee728b)  -> (artifact id: 'e7d3480981bbea3c9b3f2b29c537b44e') in 0.101532 seconds
  Import took 0.104617 seconds .

========================================================================
Received Prepare
Registering precompiled user dll's ...
Registered in 0.000581 seconds.
Begin MonoManager ReloadAssembly
Native extension for OSXStandalone target not found
Refreshing native plugins compatible for Editor in 0.32 ms, found 1 plugins.
Preloading 0 native plugins for Editor in 0.00 ms.
Mono: successfully reloaded assembly
- Completed reload, in  1.344 seconds
Platform modules already initialized, skipping
Refreshing native plugins compatible for Editor in 0.20 ms, found 1 plugins.
Preloading 0 native plugins for Editor in 0.00 ms.
Unloading 1112 Unused Serialized files (Serialized files now loaded: 0)
System memory in use before: 148.7 MB.
System memory in use after: 148.8 MB.

Unloading 6 unused Assets to reduce memory usage. Loaded Objects now: 1969.
Total: 2.472690 ms (FindLiveObjects: 0.335490 ms CreateObjectMapping: 0.040885 ms MarkObjects: 2.036453 ms  DeleteObjects: 0.058481 ms)

========================================================================
Received Prepare
Registering precompiled user dll's ...
Registered in 0.000643 seconds.
Begin MonoManager ReloadAssembly
Native extension for OSXStandalone target not found
Refreshing native plugins compatible for Editor in 0.24 ms, found 1 plugins.
Preloading 0 native plugins for Editor in 0.00 ms.
Mono: successfully reloaded assembly
- Completed reload, in  1.211 seconds
Platform modules already initialized, skipping
Refreshing native plugins compatible for Editor in 0.19 ms, found 1 plugins.
Preloading 0 native plugins for Editor in 0.00 ms.
Unloading 1112 Unused Serialized files (Serialized files now loaded: 0)
System memory in use before: 148.9 MB.
System memory in use after: 149.0 MB.

Unloading 5 unused Assets to reduce memory usage. Loaded Objects now: 1972.
Total: 2.557878 ms (FindLiveObjects: 0.688951 ms CreateObjectMapping: 0.091260 ms MarkObjects: 1.725544 ms  DeleteObjects: 0.051156 ms)

========================================================================
Received Prepare
Registering precompiled user dll's ...
Registered in 0.000538 seconds.
Begin MonoManager ReloadAssembly
Native extension for OSXStandalone target not found
Refreshing native plugins compatible for Editor in 0.35 ms, found 1 plugins.
Preloading 0 native plugins for Editor in 0.00 ms.
Mono: successfully reloaded assembly
- Completed reload, in  1.355 seconds
Platform modules already initialized, skipping
Refreshing native plugins compatible for Editor in 0.31 ms, found 1 plugins.
Preloading 0 native plugins for Editor in 0.00 ms.
Unloading 1112 Unused Serialized files (Serialized files now loaded: 0)
System memory in use before: 149.1 MB.
System memory in use after: 149.1 MB.

Unloading 5 unused Assets to reduce memory usage. Loaded Objects now: 1975.
Total: 1.876145 ms (FindLiveObjects: 0.239575 ms CreateObjectMapping: 0.043125 ms MarkObjects: 1.538565 ms  DeleteObjects: 0.053630 ms)

========================================================================
Received Prepare
Registering precompiled user dll's ...
Registered in 0.000562 seconds.
Begin MonoManager ReloadAssembly
Native extension for OSXStandalone target not found
Refreshing native plugins compatible for Editor in 0.23 ms, found 1 plugins.
Preloading 0 native plugins for Editor in 0.00 ms.
Mono: successfully reloaded assembly
- Completed reload, in  1.384 seconds
Platform modules already initialized, skipping
Refreshing native plugins compatible for Editor in 0.18 ms, found 1 plugins.
Preloading 0 native plugins for Editor in 0.00 ms.
Unloading 1112 Unused Serialized files (Serialized files now loaded: 0)
System memory in use before: 149.3 MB.
System memory in use after: 149.3 MB.

Unloading 5 unused Assets to reduce memory usage. Loaded Objects now: 1978.
Total: 1.765073 ms (FindLiveObjects: 0.231476 ms CreateObjectMapping: 0.040811 ms MarkObjects: 1.436818 ms  DeleteObjects: 0.055054 ms)

========================================================================
Received Import Request.
  Time since last request: 117.849181 seconds.
  path: Assets/Prefabs/Boid.prefab
  artifactKey: Guid(d1155a5e6231444a4ae320400ea29d1b) Importer(815301076,1909f56bfc062723c751e8b465ee728b)
Start importing Assets/Prefabs/Boid.prefab using Guid(d1155a5e6231444a4ae320400ea29d1b) Importer(815301076,1909f56bfc062723c751e8b465ee728b)  -> (artifact id: '5b9c9970f5a18197bae2cc3a6c1ade3c') in 0.095009 seconds
  Import took 0.098261 seconds .

========================================================================
Received Prepare
Registering precompiled user dll's ...
Registered in 0.000693 seconds.
Begin MonoManager ReloadAssembly
Native extension for OSXStandalone target not found
Refreshing native plugins compatible for Editor in 0.24 ms, found 1 plugins.
Preloading 0 native plugins for Editor in 0.00 ms.
Mono: successfully reloaded assembly
- Completed reload, in  1.650 seconds
Platform modules already initialized, skipping
Refreshing native plugins compatible for Editor in 0.22 ms, found 1 plugins.
Preloading 0 native plugins for Editor in 0.00 ms.
Unloading 1112 Unused Serialized files (Serialized files now loaded: 0)
System memory in use before: 149.5 MB.
System memory in use after: 149.5 MB.

Unloading 6 unused Assets to reduce memory usage. Loaded Objects now: 1982.
Total: 2.907598 ms (FindLiveObjects: 0.417523 ms CreateObjectMapping: 0.063931 ms MarkObjects: 2.315605 ms  DeleteObjects: 0.109576 ms)

========================================================================
Received Prepare
Registering precompiled user dll's ...
Registered in 0.001172 seconds.
Begin MonoManager ReloadAssembly
Native extension for OSXStandalone target not found
Refreshing native plugins compatible for Editor in 0.23 ms, found 1 plugins.
Preloading 0 native plugins for Editor in 0.00 ms.
Mono: successfully reloaded assembly
- Completed reload, in  1.064 seconds
Platform modules already initialized, skipping
Refreshing native plugins compatible for Editor in 0.21 ms, found 1 plugins.
Preloading 0 native plugins for Editor in 0.00 ms.
Unloading 1112 Unused Serialized files (Serialized files now loaded: 0)
System memory in use before: 149.7 MB.
System memory in use after: 149.7 MB.

Unloading 5 unused Assets to reduce memory usage. Loaded Objects now: 1985.
Total: 2.022336 ms (FindLiveObjects: 0.267105 ms CreateObjectMapping: 0.066083 ms MarkObjects: 1.630777 ms  DeleteObjects: 0.057368 ms)

========================================================================
Received Prepare
Registering precompiled user dll's ...
Registered in 0.000556 seconds.
Begin MonoManager ReloadAssembly
Native extension for OSXStandalone target not found
Refreshing native plugins compatible for Editor in 0.23 ms, found 1 plugins.
Preloading 0 native plugins for Editor in 0.00 ms.
Mono: successfully reloaded assembly
- Completed reload, in  1.442 seconds
Platform modules already initialized, skipping
Refreshing native plugins compatible for Editor in 0.35 ms, found 1 plugins.
Preloading 0 native plugins for Editor in 0.00 ms.
Unloading 1112 Unused Serialized files (Serialized files now loaded: 0)
System memory in use before: 149.8 MB.
System memory in use after: 149.9 MB.

Unloading 5 unused Assets to reduce memory usage. Loaded Objects now: 1988.
Total: 2.344883 ms (FindLiveObjects: 0.266977 ms CreateObjectMapping: 0.045442 ms MarkObjects: 1.963546 ms  DeleteObjects: 0.067613 ms)

========================================================================
Received Prepare
Registering precompiled user dll's ...
Registered in 0.000612 seconds.
Begin MonoManager ReloadAssembly
Native extension for OSXStandalone target not found
Refreshing native plugins compatible for Editor in 0.34 ms, found 1 plugins.
Preloading 0 native plugins for Editor in 0.00 ms.
Mono: successfully reloaded assembly
- Completed reload, in  1.304 seconds
Platform modules already initialized, skipping
Refreshing native plugins compatible for Editor in 0.33 ms, found 1 plugins.
Preloading 0 native plugins for Editor in 0.00 ms.
Unloading 1112 Unused Serialized files (Serialized files now loaded: 0)
System memory in use before: 150.0 MB.
System memory in use after: 150.1 MB.

Unloading 5 unused Assets to reduce memory usage. Loaded Objects now: 1991.
Total: 2.395741 ms (FindLiveObjects: 0.281526 ms CreateObjectMapping: 0.059190 ms MarkObjects: 1.965375 ms  DeleteObjects: 0.087660 ms)

========================================================================
Received Prepare
Registering precompiled user dll's ...
Registered in 0.000378 seconds.
Begin MonoManager ReloadAssembly
Native extension for OSXStandalone target not found
Refreshing native plugins compatible for Editor in 0.36 ms, found 1 plugins.
Preloading 0 native plugins for Editor in 0.00 ms.
Mono: successfully reloaded assembly
- Completed reload, in  1.457 seconds
Platform modules already initialized, skipping
Refreshing native plugins compatible for Editor in 0.23 ms, found 1 plugins.
Preloading 0 native plugins for Editor in 0.00 ms.
Unloading 1112 Unused Serialized files (Serialized files now loaded: 0)
System memory in use before: 150.2 MB.
System memory in use after: 150.3 MB.

Unloading 5 unused Assets to reduce memory usage. Loaded Objects now: 1994.
Total: 2.158149 ms (FindLiveObjects: 0.205286 ms CreateObjectMapping: 0.041028 ms MarkObjects: 1.857323 ms  DeleteObjects: 0.053202 ms)

========================================================================
Received Prepare
Registering precompiled user dll's ...
Registered in 0.000605 seconds.
Callback registration failed. Increase kMaxCallback.

Fatal Error! Callback registration failed. Increase kMaxCallback.

Obtained 42 stack frames.
#0  0x007fff20308462 in __pthread_kill
#1  0x007fff20289720 in abort
#2  0x0000010e55285e in CrashDontLaunchBugReporter()
#3  0x0000010c172797 in EditorMonoConsole::LogToConsoleImplementation(CppLogEntry const&)
#4  0x0000010c171b97 in EditorMonoConsole::LogToConsoleImplementation(DebugStringToFileData const&)
#5  0x0000010c17352e in LogToConsoleImplementation(DebugStringToFileData const&)
#6  0x0000010df2a1fd in DebugStringToFilePostprocessedStacktrace(DebugStringToFileData const&)
#7  0x0000010df2aae3 in DebugStringToFile(DebugStringToFileData const&)
#8  0x00000109b96fa4 in CallbackArrayBase<void (*)(AssemblyLoadFailure), void (*)(void const*, AssemblyLoadFailure)>::Register(void (*)(AssemblyLoadFailure), void (*)(void const*, AssemblyLoadFailure), void const*)
#9  0x0000010cb0b608 in LoadDomainAndUserAssemblies(bool)
#10 0x0000010cb0dffe in LoadUserAssemblies()
#11 0x0000010cfa9839 in AssetImportWorkerClient::ReloadMonoDomain(AssetResolver&)
#12 0x0000010cfb0cfa in core::mutable_function<void ()>::DispatchT<void IOService::PostHelper<AssetImportWorkerClient::HandleMessage(PrepareMessage const&)::$_1>(AssetImportWorkerClient::HandleMessage(PrepareMessage const&)::$_1&&, IOService::WrapCallableInFunctionTag)::'lambda'()>::Dispatch()
#13 0x0000010d081de0 in asio::detail::completion_handler<core::mutable_function<void ()> >::do_complete(asio::detail::task_io_service*, asio::detail::task_io_service_operation*, std::__1::error_code const&, unsigned long)
#14 0x0000010d07f0a5 in asio::detail::task_io_service::do_run_one(asio::detail::scoped_lock<asio::detail::posix_mutex>&, asio::detail::task_io_service_thread_info&, std::__1::error_code const&)
#15 0x0000010d07eb41 in asio::detail::task_io_service::run(std::__1::error_code&)
#16 0x0000010d078e0a in IOService::Run(bool)
#17 0x0000010cfdad9c in RunAssetImporterV2()
#18 0x0000010c2e9673 in Application::InitializeProject()
#19 0x0000010e55e1bd in -[EditorApplication applicationDidFinishLaunching:]
#20 0x007fff20423fec in __CFNOTIFICATIONCENTER_IS_CALLING_OUT_TO_AN_OBSERVER__
#21 0x007fff204bf89b in ___CFXRegistrationPost_block_invoke
#22 0x007fff204bf80f in _CFXRegistrationPost
#23 0x007fff203f4bde in _CFXNotificationPost
#24 0x007fff21163abe in -[NSNotificationCenter postNotificationName:object:userInfo:]
#25 0x007fff22c52f6d in -[NSApplication _postDidFinishNotification]
#26 0x007fff22c52cbb in -[NSApplication _sendFinishLaunchingNotification]
#27 0x007fff22c4feb2 in -[NSApplication(NSAppleEventHandling) _handleAEOpenEvent:]
#28 0x007fff22c4fb07 in -[NSApplication(NSAppleEventHandling) _handleCoreEvent:withReplyEvent:]
#29 0x007fff2118f056 in -[NSAppleEventManager dispatchRawAppleEvent:withRawReply:handlerRefCon:]
#30 0x007fff2118eec6 in _NSAppleEventManagerGenericHandler
#31 0x007fff26207ed9 in _AppleEventsCheckInAppWithBlock
#32 0x007fff262075f4 in _AppleEventsCheckInAppWithBlock
#33 0x007fff26200260 in aeProcessAppleEvent
#34 0x007fff286c3612 in AEProcessAppleEvent
#35 0x007fff22c4a276 in _DPSNextEvent
#36 0x007fff22c485af in -[NSApplication(NSEvent) _nextEventMatchingEventMask:untilDate:inMode:dequeue:]
#37 0x007fff22c3ab0a in -[NSApplication run]
#38 0x007fff22c0edf2 in NSApplicationMain
#39 0x0000010e598f89 in EditorMain(int, char const**)
#40 0x0000010e5991b9 in main
#41 0x007fff20351621 in start
